A: 00000000 B: 00000000 PC: 00000001 SP: 00100000 call 1
A: 00000001 B: 00000000 PC: 00000002 SP: 00100000 adc 1
A: 00000000 B: 00000000 PC: 00000003 SP: 00100000 stl 0
A: 00000000 B: 00000000 PC: 00000004 SP: 000FFFFE adj -2
A: 00000030 B: 00000000 PC: 00000005 SP: 000FFFFE ldc 48
A: 00000007 B: 00000000 PC: 00000006 SP: 000FFFFE ldnl 0
A: 00000000 B: 00000000 PC: 00000007 SP: 000FFFFE stl 0
A: 00000000 B: 00000000 PC: 00000008 SP: 000FFFFF adj 1
A: 00000000 B: 00000000 PC: 00000009 SP: 000FFFFF ldc 0
A: 00000000 B: 00000000 PC: 0000000A SP: 000FFFFF stl 0
A: 00000000 B: 00000000 PC: 0000000B SP: 000FFFFE adj -1
A: 00000007 B: 00000000 PC: 0000000C SP: 000FFFFE ldl 0
A: 00000000 B: 00000007 PC: 0000000D SP: 000FFFFE ldl 1
A: 00000007 B: 00000007 PC: 0000000E SP: 000FFFFE sub
A: 00000007 B: 00000007 PC: 0000000F SP: 000FFFFE brz 28
A: 00000000 B: 00000007 PC: 00000010 SP: 000FFFFE ldl 1
A: 00000031 B: 00000000 PC: 00000011 SP: 000FFFFE ldc 49
A: 00000031 B: 00000000 PC: 00000012 SP: 000FFFFE add
A: 00000006 B: 00000000 PC: 00000013 SP: 000FFFFE ldnl 0
A: 00000000 B: 00000000 PC: 00000014 SP: 000FFFFE stl -1
A: 0000002F B: 00000000 PC: 00000015 SP: 000FFFFE ldc 47
A: 00000000 B: 00000000 PC: 00000016 SP: 000FFFFE ldnl 0
A: 00000006 B: 00000000 PC: 00000017 SP: 000FFFFE ldl -1
A: FFFFFFFA B: 00000000 PC: 00000018 SP: 000FFFFE sub
A: FFFFFFFA B: 00000000 PC: 0000001F SP: 000FFFFE brlz 6
A: 00000000 B: FFFFFFFA PC: 00000020 SP: 000FFFFE ldl 1
A: 00000031 B: 00000000 PC: 00000021 SP: 000FFFFE ldc 49
A: 00000031 B: 00000000 PC: 00000022 SP: 000FFFFE add
A: 00000006 B: 00000000 PC: 00000023 SP: 000FFFFE ldnl 0
A: 0000002F B: 00000006 PC: 00000024 SP: 000FFFFE ldc 47
A: 0000002F B: 00000006 PC: 00000025 SP: 000FFFFE stnl 0
A: 00000001 B: 0000002F PC: 00000026 SP: 000FFFFE ldc 1
A: 000FFFFE B: 00000001 PC: 00000027 SP: 000FFFFE sp2a
A: 00000000 B: 00000001 PC: 00000028 SP: 000FFFFE ldnl 1
A: 00000001 B: 00000001 PC: 00000029 SP: 000FFFFE add
A: 00000001 B: 00000001 PC: 0000002A SP: 000FFFFE stl 1
A: 00000001 B: 00000001 PC: 0000000B SP: 000FFFFE br -32
A: 00000007 B: 00000001 PC: 0000000C SP: 000FFFFE ldl 0
A: 00000001 B: 00000007 PC: 0000000D SP: 000FFFFE ldl 1
A: 00000006 B: 00000007 PC: 0000000E SP: 000FFFFE sub
A: 00000006 B: 00000007 PC: 0000000F SP: 000FFFFE brz 28
A: 00000001 B: 00000006 PC: 00000010 SP: 000FFFFE ldl 1
A: 00000031 B: 00000001 PC: 00000011 SP: 000FFFFE ldc 49
A: 00000032 B: 00000001 PC: 00000012 SP: 000FFFFE add
A: 00000007 B: 00000001 PC: 00000013 SP: 000FFFFE ldnl 0
A: 00000001 B: 00000001 PC: 00000014 SP: 000FFFFE stl -1
A: 0000002F B: 00000001 PC: 00000015 SP: 000FFFFE ldc 47
A: 00000006 B: 00000001 PC: 00000016 SP: 000FFFFE ldnl 0
A: 00000007 B: 00000006 PC: 00000017 SP: 000FFFFE ldl -1
A: FFFFFFFF B: 00000006 PC: 00000018 SP: 000FFFFE sub
A: FFFFFFFF B: 00000006 PC: 0000001F SP: 000FFFFE brlz 6
A: 00000001 B: FFFFFFFF PC: 00000020 SP: 000FFFFE ldl 1
A: 00000031 B: 00000001 PC: 00000021 SP: 000FFFFE ldc 49
A: 00000032 B: 00000001 PC: 00000022 SP: 000FFFFE add
A: 00000007 B: 00000001 PC: 00000023 SP: 000FFFFE ldnl 0
A: 0000002F B: 00000007 PC: 00000024 SP: 000FFFFE ldc 47
A: 0000002F B: 00000007 PC: 00000025 SP: 000FFFFE stnl 0
A: 00000001 B: 0000002F PC: 00000026 SP: 000FFFFE ldc 1
A: 000FFFFE B: 00000001 PC: 00000027 SP: 000FFFFE sp2a
A: 00000001 B: 00000001 PC: 00000028 SP: 000FFFFE ldnl 1
A: 00000002 B: 00000001 PC: 00000029 SP: 000FFFFE add
A: 00000001 B: 00000001 PC: 0000002A SP: 000FFFFE stl 1
A: 00000001 B: 00000001 PC: 0000000B SP: 000FFFFE br -32
A: 00000007 B: 00000001 PC: 0000000C SP: 000FFFFE ldl 0
A: 00000002 B: 00000007 PC: 0000000D SP: 000FFFFE ldl 1
A: 00000005 B: 00000007 PC: 0000000E SP: 000FFFFE sub
A: 00000005 B: 00000007 PC: 0000000F SP: 000FFFFE brz 28
A: 00000002 B: 00000005 PC: 00000010 SP: 000FFFFE ldl 1
A: 00000031 B: 00000002 PC: 00000011 SP: 000FFFFE ldc 49
A: 00000033 B: 00000002 PC: 00000012 SP: 000FFFFE add
A: 00000064 B: 00000002 PC: 00000013 SP: 000FFFFE ldnl 0
A: 00000002 B: 00000002 PC: 00000014 SP: 000FFFFE stl -1
A: 0000002F B: 00000002 PC: 00000015 SP: 000FFFFE ldc 47
A: 00000007 B: 00000002 PC: 00000016 SP: 000FFFFE ldnl 0
A: 00000064 B: 00000007 PC: 00000017 SP: 000FFFFE ldl -1
A: FFFFFFA3 B: 00000007 PC: 00000018 SP: 000FFFFE sub
A: FFFFFFA3 B: 00000007 PC: 0000001F SP: 000FFFFE brlz 6
A: 00000002 B: FFFFFFA3 PC: 00000020 SP: 000FFFFE ldl 1
A: 00000031 B: 00000002 PC: 00000021 SP: 000FFFFE ldc 49
A: 00000033 B: 00000002 PC: 00000022 SP: 000FFFFE add
A: 00000064 B: 00000002 PC: 00000023 SP: 000FFFFE ldnl 0
A: 0000002F B: 00000064 PC: 00000024 SP: 000FFFFE ldc 47
A: 0000002F B: 00000064 PC: 00000025 SP: 000FFFFE stnl 0
A: 00000001 B: 0000002F PC: 00000026 SP: 000FFFFE ldc 1
A: 000FFFFE B: 00000001 PC: 00000027 SP: 000FFFFE sp2a
A: 00000002 B: 00000001 PC: 00000028 SP: 000FFFFE ldnl 1
A: 00000003 B: 00000001 PC: 00000029 SP: 000FFFFE add
A: 00000001 B: 00000001 PC: 0000002A SP: 000FFFFE stl 1
A: 00000001 B: 00000001 PC: 0000000B SP: 000FFFFE br -32
A: 00000007 B: 00000001 PC: 0000000C SP: 000FFFFE ldl 0
A: 00000003 B: 00000007 PC: 0000000D SP: 000FFFFE ldl 1
A: 00000004 B: 00000007 PC: 0000000E SP: 000FFFFE sub
A: 00000004 B: 00000007 PC: 0000000F SP: 000FFFFE brz 28
A: 00000003 B: 00000004 PC: 00000010 SP: 000FFFFE ldl 1
A: 00000031 B: 00000003 PC: 00000011 SP: 000FFFFE ldc 49
A: 00000034 B: 00000003 PC: 00000012 SP: 000FFFFE add
A: 00000055 B: 00000003 PC: 00000013 SP: 000FFFFE ldnl 0
A: 00000003 B: 00000003 PC: 00000014 SP: 000FFFFE stl -1
A: 0000002F B: 00000003 PC: 00000015 SP: 000FFFFE ldc 47
A: 00000064 B: 00000003 PC: 00000016 SP: 000FFFFE ldnl 0
A: 00000055 B: 00000064 PC: 00000017 SP: 000FFFFE ldl -1
A: 0000000F B: 00000064 PC: 00000018 SP: 000FFFFE sub
A: 0000000F B: 00000064 PC: 00000019 SP: 000FFFFE brlz 6
A: 00000001 B: 0000000F PC: 0000001A SP: 000FFFFE ldc 1
A: 000FFFFE B: 00000001 PC: 0000001B SP: 000FFFFE sp2a
A: 00000003 B: 00000001 PC: 0000001C SP: 000FFFFE ldnl 1
A: 00000004 B: 00000001 PC: 0000001D SP: 000FFFFE add
A: 00000001 B: 00000001 PC: 0000001E SP: 000FFFFE stl 1
A: 00000001 B: 00000001 PC: 0000000B SP: 000FFFFE br -20
A: 00000007 B: 00000001 PC: 0000000C SP: 000FFFFE ldl 0
A: 00000004 B: 00000007 PC: 0000000D SP: 000FFFFE ldl 1
A: 00000003 B: 00000007 PC: 0000000E SP: 000FFFFE sub
A: 00000003 B: 00000007 PC: 0000000F SP: 000FFFFE brz 28
A: 00000004 B: 00000003 PC: 00000010 SP: 000FFFFE ldl 1
A: 00000031 B: 00000004 PC: 00000011 SP: 000FFFFE ldc 49
A: 00000035 B: 00000004 PC: 00000012 SP: 000FFFFE add
A: 00000035 B: 00000004 PC: 00000013 SP: 000FFFFE ldnl 0
A: 00000004 B: 00000004 PC: 00000014 SP: 000FFFFE stl -1
A: 0000002F B: 00000004 PC: 00000015 SP: 000FFFFE ldc 47
A: 00000064 B: 00000004 PC: 00000016 SP: 000FFFFE ldnl 0
A: 00000035 B: 00000064 PC: 00000017 SP: 000FFFFE ldl -1
A: 0000002F B: 00000064 PC: 00000018 SP: 000FFFFE sub
A: 0000002F B: 00000064 PC: 00000019 SP: 000FFFFE brlz 6
A: 00000001 B: 0000002F PC: 0000001A SP: 000FFFFE ldc 1
A: 000FFFFE B: 00000001 PC: 0000001B SP: 000FFFFE sp2a
A: 00000004 B: 00000001 PC: 0000001C SP: 000FFFFE ldnl 1
A: 00000005 B: 00000001 PC: 0000001D SP: 000FFFFE add
A: 00000001 B: 00000001 PC: 0000001E SP: 000FFFFE stl 1
A: 00000001 B: 00000001 PC: 0000000B SP: 000FFFFE br -20
A: 00000007 B: 00000001 PC: 0000000C SP: 000FFFFE ldl 0
A: 00000005 B: 00000007 PC: 0000000D SP: 000FFFFE ldl 1
A: 00000002 B: 00000007 PC: 0000000E SP: 000FFFFE sub
A: 00000002 B: 00000007 PC: 0000000F SP: 000FFFFE brz 28
A: 00000005 B: 00000002 PC: 00000010 SP: 000FFFFE ldl 1
A: 00000031 B: 00000005 PC: 00000011 SP: 000FFFFE ldc 49
A: 00000036 B: 00000005 PC: 00000012 SP: 000FFFFE add
A: 0000002A B: 00000005 PC: 00000013 SP: 000FFFFE ldnl 0
A: 00000005 B: 00000005 PC: 00000014 SP: 000FFFFE stl -1
A: 0000002F B: 00000005 PC: 00000015 SP: 000FFFFE ldc 47
A: 00000064 B: 00000005 PC: 00000016 SP: 000FFFFE ldnl 0
A: 0000002A B: 00000064 PC: 00000017 SP: 000FFFFE ldl -1
A: 0000003A B: 00000064 PC: 00000018 SP: 000FFFFE sub
A: 0000003A B: 00000064 PC: 00000019 SP: 000FFFFE brlz 6
A: 00000001 B: 0000003A PC: 0000001A SP: 000FFFFE ldc 1
A: 000FFFFE B: 00000001 PC: 0000001B SP: 000FFFFE sp2a
A: 00000005 B: 00000001 PC: 0000001C SP: 000FFFFE ldnl 1
A: 00000006 B: 00000001 PC: 0000001D SP: 000FFFFE add
A: 00000001 B: 00000001 PC: 0000001E SP: 000FFFFE stl 1
A: 00000001 B: 00000001 PC: 0000000B SP: 000FFFFE br -20
A: 00000007 B: 00000001 PC: 0000000C SP: 000FFFFE ldl 0
A: 00000006 B: 00000007 PC: 0000000D SP: 000FFFFE ldl 1
A: 00000001 B: 00000007 PC: 0000000E SP: 000FFFFE sub
A: 00000001 B: 00000007 PC: 0000000F SP: 000FFFFE brz 28
A: 00000006 B: 00000001 PC: 00000010 SP: 000FFFFE ldl 1
A: 00000031 B: 00000006 PC: 00000011 SP: 000FFFFE ldc 49
A: 00000037 B: 00000006 PC: 00000012 SP: 000FFFFE add
A: 00000075 B: 00000006 PC: 00000013 SP: 000FFFFE ldnl 0
A: 00000006 B: 00000006 PC: 00000014 SP: 000FFFFE stl -1
A: 0000002F B: 00000006 PC: 00000015 SP: 000FFFFE ldc 47
A: 00000064 B: 00000006 PC: 00000016 SP: 000FFFFE ldnl 0
A: 00000075 B: 00000064 PC: 00000017 SP: 000FFFFE ldl -1
A: FFFFFFEF B: 00000064 PC: 00000018 SP: 000FFFFE sub
A: FFFFFFEF B: 00000064 PC: 0000001F SP: 000FFFFE brlz 6
A: 00000006 B: FFFFFFEF PC: 00000020 SP: 000FFFFE ldl 1
A: 00000031 B: 00000006 PC: 00000021 SP: 000FFFFE ldc 49
A: 00000037 B: 00000006 PC: 00000022 SP: 000FFFFE add
A: 00000075 B: 00000006 PC: 00000023 SP: 000FFFFE ldnl 0
A: 0000002F B: 00000075 PC: 00000024 SP: 000FFFFE ldc 47
A: 0000002F B: 00000075 PC: 00000025 SP: 000FFFFE stnl 0
A: 00000001 B: 0000002F PC: 00000026 SP: 000FFFFE ldc 1
A: 000FFFFE B: 00000001 PC: 00000027 SP: 000FFFFE sp2a
A: 00000006 B: 00000001 PC: 00000028 SP: 000FFFFE ldnl 1
A: 00000007 B: 00000001 PC: 00000029 SP: 000FFFFE add
A: 00000001 B: 00000001 PC: 0000002A SP: 000FFFFE stl 1
A: 00000001 B: 00000001 PC: 0000000B SP: 000FFFFE br -32
A: 00000007 B: 00000001 PC: 0000000C SP: 000FFFFE ldl 0
A: 00000007 B: 00000007 PC: 0000000D SP: 000FFFFE ldl 1
A: 00000000 B: 00000007 PC: 0000000E SP: 000FFFFE sub
A: 00000000 B: 00000007 PC: 0000002B SP: 000FFFFE brz 28
A: 00000000 B: 00000007 PC: 0000002C SP: 00100000 adj 2
A: 00000001 B: 00000000 PC: 0000002D SP: 00100000 ldl 0
A: 00000001 B: 00000000 PC: 00000000 SP: 00100000 br -46
A: 00000001 B: 00000000 PC: 00000001 SP: 00100000 HALT
