A: 00000000 B: 00000000 PC: 00000000 SP: 00100000 ldc -500
A: fffffe0c B: 00000000 PC: 00000001 SP: 00100000 adc 1
A: fffffe0d B: 00000000 PC: 00000002 SP: 00100000 brlz -2
A: fffffe0d B: 00000000 PC: 00000001 SP: 00100000 adc 1
A: fffffe0e B: 00000000 PC: 00000002 SP: 00100000 brlz -2
A: fffffe0e B: 00000000 PC: 00000001 SP: 00100000 adc 1
A: fffffe0f B: 00000000 PC: 00000002 SP: 00100000 brlz -2
A: fffffe0f B: 00000000 PC: 00000001 SP: 00100000 adc 1
A: fffffe10 B: 00000000 PC: 00000002 SP: 00100000 brlz -2
A: fffffe10 B: 00000000 PC: 00000001 SP: 00100000 adc 1
A: fffffe11 B: 00000000 PC: 00000002 SP: 00100000 brlz -2
A: fffffe11 B: 00000000 PC: 00000001 SP: 00100000 adc 1
A: fffffe12 B: 00000000 PC: 00000002 SP: 00100000 brlz -2
A: fffffe12 B: 00000000 PC: 00000001 SP: 00100000 adc 1
A: fffffe13 B: 00000000 PC: 00000002 SP: 00100000 brlz -2
A: fffffe13 B: 00000000 PC: 00000001 SP: 00100000 adc 1
A: fffffe14 B: 00000000 PC: 00000002 SP: 00100000 brlz -2
A: fffffe14 B: 00000000 PC: 00000001 SP: 00100000 adc 1
A: fffffe15 B: 00000000 PC: 00000002 SP: 00100000 brlz -2
A: fffffe15 B: 00000000 PC: 00000001 SP: 00100000 adc 1
A: fffffe16 B: 00000000 PC: 00000002 SP: 00100000 brlz -2
A: fffffe16 B: 00000000 PC: 00000001 SP: 00100000 adc 1
A: fffffe17 B: 00000000 PC: 00000002 SP: 00100000 brlz -2
A: fffffe17 B: 00000000 PC: 00000001 SP: 00100000 adc 1
A: fffffe18 B: 00000000 PC: 00000002 SP: 00100000 brlz -2
A: fffffe18 B: 00000000 PC: 00000001 SP: 00100000 adc 1
A: fffffe19 B: 00000000 PC: 00000002 SP: 00100000 brlz -2
A: fffffe19 B: 00000000 PC: 00000001 SP: 00100000 adc 1
A: fffffe1a B: 00000000 PC: 00000002 SP: 00100000 brlz -2
A: fffffe1a B: 00000000 PC: 00000001 SP: 00100000 adc 1
A: fffffe1b B: 00000000 PC: 00000002 SP: 00100000 brlz -2
A: fffffe1b B: 00000000 PC: 00000001 SP: 00100000 adc 1
A: fffffe1c B: 00000000 PC: 00000002 SP: 00100000 brlz -2
A: fffffe1c B: 00000000 PC: 00000001 SP: 00100000 adc 1
A: fffffe1d B: 00000000 PC: 00000002 SP: 00100000 brlz -2
A: fffffe1d B: 00000000 PC: 00000001 SP: 00100000 adc 1
A: fffffe1e B: 00000000 PC: 00000002 SP: 00100000 brlz -2
A: fffffe1e B: 00000000 PC: 00000001 SP: 00100000 adc 1
A: fffffe1f B: 00000000 PC: 00000002 SP: 00100000 brlz -2
A: fffffe1f B: 00000000 PC: 00000001 SP: 00100000 adc 1
A: fffffe20 B: 00000000 PC: 00000002 SP: 00100000 brlz -2
A: fffffe20 B: 00000000 PC: 00000001 SP: 00100000 adc 1
A: fffffe21 B: 00000000 PC: 00000002 SP: 00100000 brlz -2
A: fffffe21 B: 00000000 PC: 00000001 SP: 00100000 adc 1
A: fffffe22 B: 00000000 PC: 00000002 SP: 00100000 brlz -2
A: fffffe22 B: 00000000 PC: 00000001 SP: 00100000 adc 1
A: fffffe23 B: 00000000 PC: 00000002 SP: 00100000 brlz -2
A: fffffe23 B: 00000000 PC: 00000001 SP: 00100000 adc 1
A: fffffe24 B: 00000000 PC: 00000002 SP: 00100000 brlz -2
A: fffffe24 B: 00000000 PC: 00000001 SP: 00100000 adc 1
A: fffffe25 B: 00000000 PC: 00000002 SP: 00100000 brlz -2
A: fffffe25 B: 00000000 PC: 00000001 SP: 00100000 adc 1
A: fffffe26 B: 00000000 PC: 00000002 SP: 00100000 brlz -2
A: fffffe26 B: 00000000 PC: 00000001 SP: 00100000 adc 1
A: fffffe27 B: 00000000 PC: 00000002 SP: 00100000 brlz -2
A: fffffe27 B: 00000000 PC: 00000001 SP: 00100000 adc 1
A: fffffe28 B: 00000000 PC: 00000002 SP: 00100000 brlz -2
A: fffffe28 B: 00000000 PC: 00000001 SP: 00100000 adc 1
A: fffffe29 B: 00000000 PC: 00000002 SP: 00100000 brlz -2
A: fffffe29 B: 00000000 PC: 00000001 SP: 00100000 adc 1
A: fffffe2a B: 00000000 PC: 00000002 SP: 00100000 brlz -2
A: fffffe2a B: 00000000 PC: 00000001 SP: 00100000 adc 1
A: fffffe2b B: 00000000 PC: 00000002 SP: 00100000 brlz -2
A: fffffe2b B: 00000000 PC: 00000001 SP: 00100000 adc 1
A: fffffe2c B: 00000000 PC: 00000002 SP: 00100000 brlz -2
A: fffffe2c B: 00000000 PC: 00000001 SP: 00100000 adc 1
A: fffffe2d B: 00000000 PC: 00000002 SP: 00100000 brlz -2
A: fffffe2d B: 00000000 PC: 00000001 SP: 00100000 adc 1
A: fffffe2e B: 00000000 PC: 00000002 SP: 00100000 brlz -2
A: fffffe2e B: 00000000 PC: 00000001 SP: 00100000 adc 1
A: fffffe2f B: 00000000 PC: 00000002 SP: 00100000 brlz -2
A: fffffe2f B: 00000000 PC: 00000001 SP: 00100000 adc 1
A: fffffe30 B: 00000000 PC: 00000002 SP: 00100000 brlz -2
A: fffffe30 B: 00000000 PC: 00000001 SP: 00100000 adc 1
A: fffffe31 B: 00000000 PC: 00000002 SP: 00100000 brlz -2
A: fffffe31 B: 00000000 PC: 00000001 SP: 00100000 adc 1
A: fffffe32 B: 00000000 PC: 00000002 SP: 00100000 brlz -2
A: fffffe32 B: 00000000 PC: 00000001 SP: 00100000 adc 1
A: fffffe33 B: 00000000 PC: 00000002 SP: 00100000 brlz -2
A: fffffe33 B: 00000000 PC: 00000001 SP: 00100000 adc 1
A: fffffe34 B: 00000000 PC: 00000002 SP: 00100000 brlz -2
A: fffffe34 B: 00000000 PC: 00000001 SP: 00100000 adc 1
A: fffffe35 B: 00000000 PC: 00000002 SP: 00100000 brlz -2
A: fffffe35 B: 00000000 PC: 00000001 SP: 00100000 adc 1
A: fffffe36 B: 00000000 PC: 00000002 SP: 00100000 brlz -2
A: fffffe36 B: 00000000 PC: 00000001 SP: 00100000 adc 1
A: fffffe37 B: 00000000 PC: 00000002 SP: 00100000 brlz -2
A: fffffe37 B: 00000000 PC: 00000001 SP: 00100000 adc 1
A: fffffe38 B: 00000000 PC: 00000002 SP: 00100000 brlz -2
A: fffffe38 B: 00000000 PC: 00000001 SP: 00100000 adc 1
A: fffffe39 B: 00000000 PC: 00000002 SP: 00100000 brlz -2
A: fffffe39 B: 00000000 PC: 00000001 SP: 00100000 adc 1
A: fffffe3a B: 00000000 PC: 00000002 SP: 00100000 brlz -2
A: fffffe3a B: 00000000 PC: 00000001 SP: 00100000 adc 1
A: fffffe3b B: 00000000 PC: 00000002 SP: 00100000 brlz -2
A: fffffe3b B: 00000000 PC: 00000001 SP: 00100000 adc 1
A: fffffe3c B: 00000000 PC: 00000002 SP: 00100000 brlz -2
A: fffffe3c B: 00000000 PC: 00000001 SP: 00100000 adc 1
A: fffffe3d B: 00000000 PC: 00000002 SP: 00100000 brlz -2
A: fffffe3d B: 00000000 PC: 00000001 SP: 00100000 adc 1
A: fffffe3e B: 00000000 PC: 00000002 SP: 00100000 brlz -2
A: fffffe3e B: 00000000 PC: 00000001 SP: 00100000 adc 1
A: fffffe3f B: 00000000 PC: 00000002 SP: 00100000 brlz -2
A: fffffe3f B: 00000000 PC: 00000001 SP: 00100000 adc 1
A: fffffe40 B: 00000000 PC: 00000002 SP: 00100000 brlz -2
A: fffffe40 B: 00000000 PC: 00000001 SP: 00100000 adc 1
A: fffffe41 B: 00000000 PC: 00000002 SP: 00100000 brlz -2
A: fffffe41 B: 00000000 PC: 00000001 SP: 00100000 adc 1
A: fffffe42 B: 00000000 PC: 00000002 SP: 00100000 brlz -2
A: fffffe42 B: 00000000 PC: 00000001 SP: 00100000 adc 1
A: fffffe43 B: 00000000 PC: 00000002 SP: 00100000 brlz -2
A: fffffe43 B: 00000000 PC: 00000001 SP: 00100000 adc 1
A: fffffe44 B: 00000000 PC: 00000002 SP: 00100000 brlz -2
A: fffffe44 B: 00000000 PC: 00000001 SP: 00100000 adc 1
A: fffffe45 B: 00000000 PC: 00000002 SP: 00100000 brlz -2
A: fffffe45 B: 00000000 PC: 00000001 SP: 00100000 adc 1
A: fffffe46 B: 00000000 PC: 00000002 SP: 00100000 brlz -2
A: fffffe46 B: 00000000 PC: 00000001 SP: 00100000 adc 1
A: fffffe47 B: 00000000 PC: 00000002 SP: 00100000 brlz -2
A: fffffe47 B: 00000000 PC: 00000001 SP: 00100000 adc 1
A: fffffe48 B: 00000000 PC: 00000002 SP: 00100000 brlz -2
A: fffffe48 B: 00000000 PC: 00000001 SP: 00100000 adc 1
A: fffffe49 B: 00000000 PC: 00000002 SP: 00100000 brlz -2
A: fffffe49 B: 00000000 PC: 00000001 SP: 00100000 adc 1
A: fffffe4a B: 00000000 PC: 00000002 SP: 00100000 brlz -2
A: fffffe4a B: 00000000 PC: 00000001 SP: 00100000 adc 1
A: fffffe4b B: 00000000 PC: 00000002 SP: 00100000 brlz -2
A: fffffe4b B: 00000000 PC: 00000001 SP: 00100000 adc 1
A: fffffe4c B: 00000000 PC: 00000002 SP: 00100000 brlz -2
A: fffffe4c B: 00000000 PC: 00000001 SP: 00100000 adc 1
A: fffffe4d B: 00000000 PC: 00000002 SP: 00100000 brlz -2
A: fffffe4d B: 00000000 PC: 00000001 SP: 00100000 adc 1
A: fffffe4e B: 00000000 PC: 00000002 SP: 00100000 brlz -2
A: fffffe4e B: 00000000 PC: 00000001 SP: 00100000 adc 1
A: fffffe4f B: 00000000 PC: 00000002 SP: 00100000 brlz -2
A: fffffe4f B: 00000000 PC: 00000001 SP: 00100000 adc 1
A: fffffe50 B: 00000000 PC: 00000002 SP: 00100000 brlz -2
A: fffffe50 B: 00000000 PC: 00000001 SP: 00100000 adc 1
A: fffffe51 B: 00000000 PC: 00000002 SP: 00100000 brlz -2
A: fffffe51 B: 00000000 PC: 00000001 SP: 00100000 adc 1
A: fffffe52 B: 00000000 PC: 00000002 SP: 00100000 brlz -2
A: fffffe52 B: 00000000 PC: 00000001 SP: 00100000 adc 1
A: fffffe53 B: 00000000 PC: 00000002 SP: 00100000 brlz -2
A: fffffe53 B: 00000000 PC: 00000001 SP: 00100000 adc 1
A: fffffe54 B: 00000000 PC: 00000002 SP: 00100000 brlz -2
A: fffffe54 B: 00000000 PC: 00000001 SP: 00100000 adc 1
A: fffffe55 B: 00000000 PC: 00000002 SP: 00100000 brlz -2
A: fffffe55 B: 00000000 PC: 00000001 SP: 00100000 adc 1
A: fffffe56 B: 00000000 PC: 00000002 SP: 00100000 brlz -2
A: fffffe56 B: 00000000 PC: 00000001 SP: 00100000 adc 1
A: fffffe57 B: 00000000 PC: 00000002 SP: 00100000 brlz -2
A: fffffe57 B: 00000000 PC: 00000001 SP: 00100000 adc 1
A: fffffe58 B: 00000000 PC: 00000002 SP: 00100000 brlz -2
A: fffffe58 B: 00000000 PC: 00000001 SP: 00100000 adc 1
A: fffffe59 B: 00000000 PC: 00000002 SP: 00100000 brlz -2
A: fffffe59 B: 00000000 PC: 00000001 SP: 00100000 adc 1
A: fffffe5a B: 00000000 PC: 00000002 SP: 00100000 brlz -2
A: fffffe5a B: 00000000 PC: 00000001 SP: 00100000 adc 1
A: fffffe5b B: 00000000 PC: 00000002 SP: 00100000 brlz -2
A: fffffe5b B: 00000000 PC: 00000001 SP: 00100000 adc 1
A: fffffe5c B: 00000000 PC: 00000002 SP: 00100000 brlz -2
A: fffffe5c B: 00000000 PC: 00000001 SP: 00100000 adc 1
A: fffffe5d B: 00000000 PC: 00000002 SP: 00100000 brlz -2
A: fffffe5d B: 00000000 PC: 00000001 SP: 00100000 adc 1
A: fffffe5e B: 00000000 PC: 00000002 SP: 00100000 brlz -2
A: fffffe5e B: 00000000 PC: 00000001 SP: 00100000 adc 1
A: fffffe5f B: 00000000 PC: 00000002 SP: 00100000 brlz -2
A: fffffe5f B: 00000000 PC: 00000001 SP: 00100000 adc 1
A: fffffe60 B: 00000000 PC: 00000002 SP: 00100000 brlz -2
A: fffffe60 B: 00000000 PC: 00000001 SP: 00100000 adc 1
A: fffffe61 B: 00000000 PC: 00000002 SP: 00100000 brlz -2
A: fffffe61 B: 00000000 PC: 00000001 SP: 00100000 adc 1
A: fffffe62 B: 00000000 PC: 00000002 SP: 00100000 brlz -2
A: fffffe62 B: 00000000 PC: 00000001 SP: 00100000 adc 1
A: fffffe63 B: 00000000 PC: 00000002 SP: 00100000 brlz -2
A: fffffe63 B: 00000000 PC: 00000001 SP: 00100000 adc 1
A: fffffe64 B: 00000000 PC: 00000002 SP: 00100000 brlz -2
A: fffffe64 B: 00000000 PC: 00000001 SP: 00100000 adc 1
A: fffffe65 B: 00000000 PC: 00000002 SP: 00100000 brlz -2
A: fffffe65 B: 00000000 PC: 00000001 SP: 00100000 adc 1
A: fffffe66 B: 00000000 PC: 00000002 SP: 00100000 brlz -2
A: fffffe66 B: 00000000 PC: 00000001 SP: 00100000 adc 1
A: fffffe67 B: 00000000 PC: 00000002 SP: 00100000 brlz -2
A: fffffe67 B: 00000000 PC: 00000001 SP: 00100000 adc 1
A: fffffe68 B: 00000000 PC: 00000002 SP: 00100000 brlz -2
A: fffffe68 B: 00000000 PC: 00000001 SP: 00100000 adc 1
A: fffffe69 B: 00000000 PC: 00000002 SP: 00100000 brlz -2
A: fffffe69 B: 00000000 PC: 00000001 SP: 00100000 adc 1
A: fffffe6a B: 00000000 PC: 00000002 SP: 00100000 brlz -2
A: fffffe6a B: 00000000 PC: 00000001 SP: 00100000 adc 1
A: fffffe6b B: 00000000 PC: 00000002 SP: 00100000 brlz -2
A: fffffe6b B: 00000000 PC: 00000001 SP: 00100000 adc 1
A: fffffe6c B: 00000000 PC: 00000002 SP: 00100000 brlz -2
A: fffffe6c B: 00000000 PC: 00000001 SP: 00100000 adc 1
A: fffffe6d B: 00000000 PC: 00000002 SP: 00100000 brlz -2
A: fffffe6d B: 00000000 PC: 00000001 SP: 00100000 adc 1
A: fffffe6e B: 00000000 PC: 00000002 SP: 00100000 brlz -2
A: fffffe6e B: 00000000 PC: 00000001 SP: 00100000 adc 1
A: fffffe6f B: 00000000 PC: 00000002 SP: 00100000 brlz -2
A: fffffe6f B: 00000000 PC: 00000001 SP: 00100000 adc 1
A: fffffe70 B: 00000000 PC: 00000002 SP: 00100000 brlz -2
A: fffffe70 B: 00000000 PC: 00000001 SP: 00100000 adc 1
A: fffffe71 B: 00000000 PC: 00000002 SP: 00100000 brlz -2
A: fffffe71 B: 00000000 PC: 00000001 SP: 00100000 adc 1
A: fffffe72 B: 00000000 PC: 00000002 SP: 00100000 brlz -2
A: fffffe72 B: 00000000 PC: 00000001 SP: 00100000 adc 1
A: fffffe73 B: 00000000 PC: 00000002 SP: 00100000 brlz -2
A: fffffe73 B: 00000000 PC: 00000001 SP: 00100000 adc 1
A: fffffe74 B: 00000000 PC: 00000002 SP: 00100000 brlz -2
A: fffffe74 B: 00000000 PC: 00000001 SP: 00100000 adc 1
A: fffffe75 B: 00000000 PC: 00000002 SP: 00100000 brlz -2
A: fffffe75 B: 00000000 PC: 00000001 SP: 00100000 adc 1
A: fffffe76 B: 00000000 PC: 00000002 SP: 00100000 brlz -2
A: fffffe76 B: 00000000 PC: 00000001 SP: 00100000 adc 1
A: fffffe77 B: 00000000 PC: 00000002 SP: 00100000 brlz -2
A: fffffe77 B: 00000000 PC: 00000001 SP: 00100000 adc 1
A: fffffe78 B: 00000000 PC: 00000002 SP: 00100000 brlz -2
A: fffffe78 B: 00000000 PC: 00000001 SP: 00100000 adc 1
A: fffffe79 B: 00000000 PC: 00000002 SP: 00100000 brlz -2
A: fffffe79 B: 00000000 PC: 00000001 SP: 00100000 adc 1
A: fffffe7a B: 00000000 PC: 00000002 SP: 00100000 brlz -2
A: fffffe7a B: 00000000 PC: 00000001 SP: 00100000 adc 1
A: fffffe7b B: 00000000 PC: 00000002 SP: 00100000 brlz -2
A: fffffe7b B: 00000000 PC: 00000001 SP: 00100000 adc 1
A: fffffe7c B: 00000000 PC: 00000002 SP: 00100000 brlz -2
A: fffffe7c B: 00000000 PC: 00000001 SP: 00100000 adc 1
A: fffffe7d B: 00000000 PC: 00000002 SP: 00100000 brlz -2
A: fffffe7d B: 00000000 PC: 00000001 SP: 00100000 adc 1
A: fffffe7e B: 00000000 PC: 00000002 SP: 00100000 brlz -2
A: fffffe7e B: 00000000 PC: 00000001 SP: 00100000 adc 1
A: fffffe7f B: 00000000 PC: 00000002 SP: 00100000 brlz -2
A: fffffe7f B: 00000000 PC: 00000001 SP: 00100000 adc 1
A: fffffe80 B: 00000000 PC: 00000002 SP: 00100000 brlz -2
A: fffffe80 B: 00000000 PC: 00000001 SP: 00100000 adc 1
A: fffffe81 B: 00000000 PC: 00000002 SP: 00100000 brlz -2
A: fffffe81 B: 00000000 PC: 00000001 SP: 00100000 adc 1
A: fffffe82 B: 00000000 PC: 00000002 SP: 00100000 brlz -2
A: fffffe82 B: 00000000 PC: 00000001 SP: 00100000 adc 1
A: fffffe83 B: 00000000 PC: 00000002 SP: 00100000 brlz -2
A: fffffe83 B: 00000000 PC: 00000001 SP: 00100000 adc 1
A: fffffe84 B: 00000000 PC: 00000002 SP: 00100000 brlz -2
A: fffffe84 B: 00000000 PC: 00000001 SP: 00100000 adc 1
A: fffffe85 B: 00000000 PC: 00000002 SP: 00100000 brlz -2
A: fffffe85 B: 00000000 PC: 00000001 SP: 00100000 adc 1
A: fffffe86 B: 00000000 PC: 00000002 SP: 00100000 brlz -2
A: fffffe86 B: 00000000 PC: 00000001 SP: 00100000 adc 1
A: fffffe87 B: 00000000 PC: 00000002 SP: 00100000 brlz -2
A: fffffe87 B: 00000000 PC: 00000001 SP: 00100000 adc 1
A: fffffe88 B: 00000000 PC: 00000002 SP: 00100000 brlz -2
A: fffffe88 B: 00000000 PC: 00000001 SP: 00100000 adc 1
A: fffffe89 B: 00000000 PC: 00000002 SP: 00100000 brlz -2
A: fffffe89 B: 00000000 PC: 00000001 SP: 00100000 adc 1
A: fffffe8a B: 00000000 PC: 00000002 SP: 00100000 brlz -2
A: fffffe8a B: 00000000 PC: 00000001 SP: 00100000 adc 1
A: fffffe8b B: 00000000 PC: 00000002 SP: 00100000 brlz -2
A: fffffe8b B: 00000000 PC: 00000001 SP: 00100000 adc 1
A: fffffe8c B: 00000000 PC: 00000002 SP: 00100000 brlz -2
A: fffffe8c B: 00000000 PC: 00000001 SP: 00100000 adc 1
A: fffffe8d B: 00000000 PC: 00000002 SP: 00100000 brlz -2
A: fffffe8d B: 00000000 PC: 00000001 SP: 00100000 adc 1
A: fffffe8e B: 00000000 PC: 00000002 SP: 00100000 brlz -2
A: fffffe8e B: 00000000 PC: 00000001 SP: 00100000 adc 1
A: fffffe8f B: 00000000 PC: 00000002 SP: 00100000 brlz -2
A: fffffe8f B: 00000000 PC: 00000001 SP: 00100000 adc 1
A: fffffe90 B: 00000000 PC: 00000002 SP: 00100000 brlz -2
A: fffffe90 B: 00000000 PC: 00000001 SP: 00100000 adc 1
A: fffffe91 B: 00000000 PC: 00000002 SP: 00100000 brlz -2
A: fffffe91 B: 00000000 PC: 00000001 SP: 00100000 adc 1
A: fffffe92 B: 00000000 PC: 00000002 SP: 00100000 brlz -2
A: fffffe92 B: 00000000 PC: 00000001 SP: 00100000 adc 1
A: fffffe93 B: 00000000 PC: 00000002 SP: 00100000 brlz -2
A: fffffe93 B: 00000000 PC: 00000001 SP: 00100000 adc 1
A: fffffe94 B: 00000000 PC: 00000002 SP: 00100000 brlz -2
A: fffffe94 B: 00000000 PC: 00000001 SP: 00100000 adc 1
A: fffffe95 B: 00000000 PC: 00000002 SP: 00100000 brlz -2
A: fffffe95 B: 00000000 PC: 00000001 SP: 00100000 adc 1
A: fffffe96 B: 00000000 PC: 00000002 SP: 00100000 brlz -2
A: fffffe96 B: 00000000 PC: 00000001 SP: 00100000 adc 1
A: fffffe97 B: 00000000 PC: 00000002 SP: 00100000 brlz -2
A: fffffe97 B: 00000000 PC: 00000001 SP: 00100000 adc 1
A: fffffe98 B: 00000000 PC: 00000002 SP: 00100000 brlz -2
A: fffffe98 B: 00000000 PC: 00000001 SP: 00100000 adc 1
A: fffffe99 B: 00000000 PC: 00000002 SP: 00100000 brlz -2
A: fffffe99 B: 00000000 PC: 00000001 SP: 00100000 adc 1
A: fffffe9a B: 00000000 PC: 00000002 SP: 00100000 brlz -2
A: fffffe9a B: 00000000 PC: 00000001 SP: 00100000 adc 1
A: fffffe9b B: 00000000 PC: 00000002 SP: 00100000 brlz -2
A: fffffe9b B: 00000000 PC: 00000001 SP: 00100000 adc 1
A: fffffe9c B: 00000000 PC: 00000002 SP: 00100000 brlz -2
A: fffffe9c B: 00000000 PC: 00000001 SP: 00100000 adc 1
A: fffffe9d B: 00000000 PC: 00000002 SP: 00100000 brlz -2
A: fffffe9d B: 00000000 PC: 00000001 SP: 00100000 adc 1
A: fffffe9e B: 00000000 PC: 00000002 SP: 00100000 brlz -2
A: fffffe9e B: 00000000 PC: 00000001 SP: 00100000 adc 1
A: fffffe9f B: 00000000 PC: 00000002 SP: 00100000 brlz -2
A: fffffe9f B: 00000000 PC: 00000001 SP: 00100000 adc 1
A: fffffea0 B: 00000000 PC: 00000002 SP: 00100000 brlz -2
A: fffffea0 B: 00000000 PC: 00000001 SP: 00100000 adc 1
A: fffffea1 B: 00000000 PC: 00000002 SP: 00100000 brlz -2
A: fffffea1 B: 00000000 PC: 00000001 SP: 00100000 adc 1
A: fffffea2 B: 00000000 PC: 00000002 SP: 00100000 brlz -2
A: fffffea2 B: 00000000 PC: 00000001 SP: 00100000 adc 1
A: fffffea3 B: 00000000 PC: 00000002 SP: 00100000 brlz -2
A: fffffea3 B: 00000000 PC: 00000001 SP: 00100000 adc 1
A: fffffea4 B: 00000000 PC: 00000002 SP: 00100000 brlz -2
A: fffffea4 B: 00000000 PC: 00000001 SP: 00100000 adc 1
A: fffffea5 B: 00000000 PC: 00000002 SP: 00100000 brlz -2
A: fffffea5 B: 00000000 PC: 00000001 SP: 00100000 adc 1
A: fffffea6 B: 00000000 PC: 00000002 SP: 00100000 brlz -2
A: fffffea6 B: 00000000 PC: 00000001 SP: 00100000 adc 1
A: fffffea7 B: 00000000 PC: 00000002 SP: 00100000 brlz -2
A: fffffea7 B: 00000000 PC: 00000001 SP: 00100000 adc 1
A: fffffea8 B: 00000000 PC: 00000002 SP: 00100000 brlz -2
A: fffffea8 B: 00000000 PC: 00000001 SP: 00100000 adc 1
A: fffffea9 B: 00000000 PC: 00000002 SP: 00100000 brlz -2
A: fffffea9 B: 00000000 PC: 00000001 SP: 00100000 adc 1
A: fffffeaa B: 00000000 PC: 00000002 SP: 00100000 brlz -2
A: fffffeaa B: 00000000 PC: 00000001 SP: 00100000 adc 1
A: fffffeab B: 00000000 PC: 00000002 SP: 00100000 brlz -2
A: fffffeab B: 00000000 PC: 00000001 SP: 00100000 adc 1
A: fffffeac B: 00000000 PC: 00000002 SP: 00100000 brlz -2
A: fffffeac B: 00000000 PC: 00000001 SP: 00100000 adc 1
A: fffffead B: 00000000 PC: 00000002 SP: 00100000 brlz -2
A: fffffead B: 00000000 PC: 00000001 SP: 00100000 adc 1
A: fffffeae B: 00000000 PC: 00000002 SP: 00100000 brlz -2
A: fffffeae B: 00000000 PC: 00000001 SP: 00100000 adc 1
A: fffffeaf B: 00000000 PC: 00000002 SP: 00100000 brlz -2
A: fffffeaf B: 00000000 PC: 00000001 SP: 00100000 adc 1
A: fffffeb0 B: 00000000 PC: 00000002 SP: 00100000 brlz -2
A: fffffeb0 B: 00000000 PC: 00000001 SP: 00100000 adc 1
A: fffffeb1 B: 00000000 PC: 00000002 SP: 00100000 brlz -2
A: fffffeb1 B: 00000000 PC: 00000001 SP: 00100000 adc 1
A: fffffeb2 B: 00000000 PC: 00000002 SP: 00100000 brlz -2
A: fffffeb2 B: 00000000 PC: 00000001 SP: 00100000 adc 1
A: fffffeb3 B: 00000000 PC: 00000002 SP: 00100000 brlz -2
A: fffffeb3 B: 00000000 PC: 00000001 SP: 00100000 adc 1
A: fffffeb4 B: 00000000 PC: 00000002 SP: 00100000 brlz -2
A: fffffeb4 B: 00000000 PC: 00000001 SP: 00100000 adc 1
A: fffffeb5 B: 00000000 PC: 00000002 SP: 00100000 brlz -2
A: fffffeb5 B: 00000000 PC: 00000001 SP: 00100000 adc 1
A: fffffeb6 B: 00000000 PC: 00000002 SP: 00100000 brlz -2
A: fffffeb6 B: 00000000 PC: 00000001 SP: 00100000 adc 1
A: fffffeb7 B: 00000000 PC: 00000002 SP: 00100000 brlz -2
A: fffffeb7 B: 00000000 PC: 00000001 SP: 00100000 adc 1
A: fffffeb8 B: 00000000 PC: 00000002 SP: 00100000 brlz -2
A: fffffeb8 B: 00000000 PC: 00000001 SP: 00100000 adc 1
A: fffffeb9 B: 00000000 PC: 00000002 SP: 00100000 brlz -2
A: fffffeb9 B: 00000000 PC: 00000001 SP: 00100000 adc 1
A: fffffeba B: 00000000 PC: 00000002 SP: 00100000 brlz -2
A: fffffeba B: 00000000 PC: 00000001 SP: 00100000 adc 1
A: fffffebb B: 00000000 PC: 00000002 SP: 00100000 brlz -2
A: fffffebb B: 00000000 PC: 00000001 SP: 00100000 adc 1
A: fffffebc B: 00000000 PC: 00000002 SP: 00100000 brlz -2
A: fffffebc B: 00000000 PC: 00000001 SP: 00100000 adc 1
A: fffffebd B: 00000000 PC: 00000002 SP: 00100000 brlz -2
A: fffffebd B: 00000000 PC: 00000001 SP: 00100000 adc 1
A: fffffebe B: 00000000 PC: 00000002 SP: 00100000 brlz -2
A: fffffebe B: 00000000 PC: 00000001 SP: 00100000 adc 1
A: fffffebf B: 00000000 PC: 00000002 SP: 00100000 brlz -2
A: fffffebf B: 00000000 PC: 00000001 SP: 00100000 adc 1
A: fffffec0 B: 00000000 PC: 00000002 SP: 00100000 brlz -2
A: fffffec0 B: 00000000 PC: 00000001 SP: 00100000 adc 1
A: fffffec1 B: 00000000 PC: 00000002 SP: 00100000 brlz -2
A: fffffec1 B: 00000000 PC: 00000001 SP: 00100000 adc 1
A: fffffec2 B: 00000000 PC: 00000002 SP: 00100000 brlz -2
A: fffffec2 B: 00000000 PC: 00000001 SP: 00100000 adc 1
A: fffffec3 B: 00000000 PC: 00000002 SP: 00100000 brlz -2
A: fffffec3 B: 00000000 PC: 00000001 SP: 00100000 adc 1
A: fffffec4 B: 00000000 PC: 00000002 SP: 00100000 brlz -2
A: fffffec4 B: 00000000 PC: 00000001 SP: 00100000 adc 1
A: fffffec5 B: 00000000 PC: 00000002 SP: 00100000 brlz -2
A: fffffec5 B: 00000000 PC: 00000001 SP: 00100000 adc 1
A: fffffec6 B: 00000000 PC: 00000002 SP: 00100000 brlz -2
A: fffffec6 B: 00000000 PC: 00000001 SP: 00100000 adc 1
A: fffffec7 B: 00000000 PC: 00000002 SP: 00100000 brlz -2
A: fffffec7 B: 00000000 PC: 00000001 SP: 00100000 adc 1
A: fffffec8 B: 00000000 PC: 00000002 SP: 00100000 brlz -2
A: fffffec8 B: 00000000 PC: 00000001 SP: 00100000 adc 1
A: fffffec9 B: 00000000 PC: 00000002 SP: 00100000 brlz -2
A: fffffec9 B: 00000000 PC: 00000001 SP: 00100000 adc 1
A: fffffeca B: 00000000 PC: 00000002 SP: 00100000 brlz -2
A: fffffeca B: 00000000 PC: 00000001 SP: 00100000 adc 1
A: fffffecb B: 00000000 PC: 00000002 SP: 00100000 brlz -2
A: fffffecb B: 00000000 PC: 00000001 SP: 00100000 adc 1
A: fffffecc B: 00000000 PC: 00000002 SP: 00100000 brlz -2
A: fffffecc B: 00000000 PC: 00000001 SP: 00100000 adc 1
A: fffffecd B: 00000000 PC: 00000002 SP: 00100000 brlz -2
A: fffffecd B: 00000000 PC: 00000001 SP: 00100000 adc 1
A: fffffece B: 00000000 PC: 00000002 SP: 00100000 brlz -2
A: fffffece B: 00000000 PC: 00000001 SP: 00100000 adc 1
A: fffffecf B: 00000000 PC: 00000002 SP: 00100000 brlz -2
A: fffffecf B: 00000000 PC: 00000001 SP: 00100000 adc 1
A: fffffed0 B: 00000000 PC: 00000002 SP: 00100000 brlz -2
A: fffffed0 B: 00000000 PC: 00000001 SP: 00100000 adc 1
A: fffffed1 B: 00000000 PC: 00000002 SP: 00100000 brlz -2
A: fffffed1 B: 00000000 PC: 00000001 SP: 00100000 adc 1
A: fffffed2 B: 00000000 PC: 00000002 SP: 00100000 brlz -2
A: fffffed2 B: 00000000 PC: 00000001 SP: 00100000 adc 1
A: fffffed3 B: 00000000 PC: 00000002 SP: 00100000 brlz -2
A: fffffed3 B: 00000000 PC: 00000001 SP: 00100000 adc 1
A: fffffed4 B: 00000000 PC: 00000002 SP: 00100000 brlz -2
A: fffffed4 B: 00000000 PC: 00000001 SP: 00100000 adc 1
A: fffffed5 B: 00000000 PC: 00000002 SP: 00100000 brlz -2
A: fffffed5 B: 00000000 PC: 00000001 SP: 00100000 adc 1
A: fffffed6 B: 00000000 PC: 00000002 SP: 00100000 brlz -2
A: fffffed6 B: 00000000 PC: 00000001 SP: 00100000 adc 1
A: fffffed7 B: 00000000 PC: 00000002 SP: 00100000 brlz -2
A: fffffed7 B: 00000000 PC: 00000001 SP: 00100000 adc 1
A: fffffed8 B: 00000000 PC: 00000002 SP: 00100000 brlz -2
A: fffffed8 B: 00000000 PC: 00000001 SP: 00100000 adc 1
A: fffffed9 B: 00000000 PC: 00000002 SP: 00100000 brlz -2
A: fffffed9 B: 00000000 PC: 00000001 SP: 00100000 adc 1
A: fffffeda B: 00000000 PC: 00000002 SP: 00100000 brlz -2
A: fffffeda B: 00000000 PC: 00000001 SP: 00100000 adc 1
A: fffffedb B: 00000000 PC: 00000002 SP: 00100000 brlz -2
A: fffffedb B: 00000000 PC: 00000001 SP: 00100000 adc 1
A: fffffedc B: 00000000 PC: 00000002 SP: 00100000 brlz -2
A: fffffedc B: 00000000 PC: 00000001 SP: 00100000 adc 1
A: fffffedd B: 00000000 PC: 00000002 SP: 00100000 brlz -2
A: fffffedd B: 00000000 PC: 00000001 SP: 00100000 adc 1
A: fffffede B: 00000000 PC: 00000002 SP: 00100000 brlz -2
A: fffffede B: 00000000 PC: 00000001 SP: 00100000 adc 1
A: fffffedf B: 00000000 PC: 00000002 SP: 00100000 brlz -2
A: fffffedf B: 00000000 PC: 00000001 SP: 00100000 adc 1
A: fffffee0 B: 00000000 PC: 00000002 SP: 00100000 brlz -2
A: fffffee0 B: 00000000 PC: 00000001 SP: 00100000 adc 1
A: fffffee1 B: 00000000 PC: 00000002 SP: 00100000 brlz -2
A: fffffee1 B: 00000000 PC: 00000001 SP: 00100000 adc 1
A: fffffee2 B: 00000000 PC: 00000002 SP: 00100000 brlz -2
A: fffffee2 B: 00000000 PC: 00000001 SP: 00100000 adc 1
A: fffffee3 B: 00000000 PC: 00000002 SP: 00100000 brlz -2
A: fffffee3 B: 00000000 PC: 00000001 SP: 00100000 adc 1
A: fffffee4 B: 00000000 PC: 00000002 SP: 00100000 brlz -2
A: fffffee4 B: 00000000 PC: 00000001 SP: 00100000 adc 1
A: fffffee5 B: 00000000 PC: 00000002 SP: 00100000 brlz -2
A: fffffee5 B: 00000000 PC: 00000001 SP: 00100000 adc 1
A: fffffee6 B: 00000000 PC: 00000002 SP: 00100000 brlz -2
A: fffffee6 B: 00000000 PC: 00000001 SP: 00100000 adc 1
A: fffffee7 B: 00000000 PC: 00000002 SP: 00100000 brlz -2
A: fffffee7 B: 00000000 PC: 00000001 SP: 00100000 adc 1
A: fffffee8 B: 00000000 PC: 00000002 SP: 00100000 brlz -2
A: fffffee8 B: 00000000 PC: 00000001 SP: 00100000 adc 1
A: fffffee9 B: 00000000 PC: 00000002 SP: 00100000 brlz -2
A: fffffee9 B: 00000000 PC: 00000001 SP: 00100000 adc 1
A: fffffeea B: 00000000 PC: 00000002 SP: 00100000 brlz -2
A: fffffeea B: 00000000 PC: 00000001 SP: 00100000 adc 1
A: fffffeeb B: 00000000 PC: 00000002 SP: 00100000 brlz -2
A: fffffeeb B: 00000000 PC: 00000001 SP: 00100000 adc 1
A: fffffeec B: 00000000 PC: 00000002 SP: 00100000 brlz -2
A: fffffeec B: 00000000 PC: 00000001 SP: 00100000 adc 1
A: fffffeed B: 00000000 PC: 00000002 SP: 00100000 brlz -2
A: fffffeed B: 00000000 PC: 00000001 SP: 00100000 adc 1
A: fffffeee B: 00000000 PC: 00000002 SP: 00100000 brlz -2
A: fffffeee B: 00000000 PC: 00000001 SP: 00100000 adc 1
A: fffffeef B: 00000000 PC: 00000002 SP: 00100000 brlz -2
A: fffffeef B: 00000000 PC: 00000001 SP: 00100000 adc 1
A: fffffef0 B: 00000000 PC: 00000002 SP: 00100000 brlz -2
A: fffffef0 B: 00000000 PC: 00000001 SP: 00100000 adc 1
A: fffffef1 B: 00000000 PC: 00000002 SP: 00100000 brlz -2
A: fffffef1 B: 00000000 PC: 00000001 SP: 00100000 adc 1
A: fffffef2 B: 00000000 PC: 00000002 SP: 00100000 brlz -2
A: fffffef2 B: 00000000 PC: 00000001 SP: 00100000 adc 1
A: fffffef3 B: 00000000 PC: 00000002 SP: 00100000 brlz -2
A: fffffef3 B: 00000000 PC: 00000001 SP: 00100000 adc 1
A: fffffef4 B: 00000000 PC: 00000002 SP: 00100000 brlz -2
A: fffffef4 B: 00000000 PC: 00000001 SP: 00100000 adc 1
A: fffffef5 B: 00000000 PC: 00000002 SP: 00100000 brlz -2
A: fffffef5 B: 00000000 PC: 00000001 SP: 00100000 adc 1
A: fffffef6 B: 00000000 PC: 00000002 SP: 00100000 brlz -2
A: fffffef6 B: 00000000 PC: 00000001 SP: 00100000 adc 1
A: fffffef7 B: 00000000 PC: 00000002 SP: 00100000 brlz -2
A: fffffef7 B: 00000000 PC: 00000001 SP: 00100000 adc 1
A: fffffef8 B: 00000000 PC: 00000002 SP: 00100000 brlz -2
A: fffffef8 B: 00000000 PC: 00000001 SP: 00100000 adc 1
A: fffffef9 B: 00000000 PC: 00000002 SP: 00100000 brlz -2
A: fffffef9 B: 00000000 PC: 00000001 SP: 00100000 adc 1
A: fffffefa B: 00000000 PC: 00000002 SP: 00100000 brlz -2
A: fffffefa B: 00000000 PC: 00000001 SP: 00100000 adc 1
A: fffffefb B: 00000000 PC: 00000002 SP: 00100000 brlz -2
A: fffffefb B: 00000000 PC: 00000001 SP: 00100000 adc 1
A: fffffefc B: 00000000 PC: 00000002 SP: 00100000 brlz -2
A: fffffefc B: 00000000 PC: 00000001 SP: 00100000 adc 1
A: fffffefd B: 00000000 PC: 00000002 SP: 00100000 brlz -2
A: fffffefd B: 00000000 PC: 00000001 SP: 00100000 adc 1
A: fffffefe B: 00000000 PC: 00000002 SP: 00100000 brlz -2
A: fffffefe B: 00000000 PC: 00000001 SP: 00100000 adc 1
A: fffffeff B: 00000000 PC: 00000002 SP: 00100000 brlz -2
A: fffffeff B: 00000000 PC: 00000001 SP: 00100000 adc 1
A: ffffff00 B: 00000000 PC: 00000002 SP: 00100000 brlz -2
A: ffffff00 B: 00000000 PC: 00000001 SP: 00100000 adc 1
A: ffffff01 B: 00000000 PC: 00000002 SP: 00100000 brlz -2
A: ffffff01 B: 00000000 PC: 00000001 SP: 00100000 adc 1
A: ffffff02 B: 00000000 PC: 00000002 SP: 00100000 brlz -2
A: ffffff02 B: 00000000 PC: 00000001 SP: 00100000 adc 1
A: ffffff03 B: 00000000 PC: 00000002 SP: 00100000 brlz -2
A: ffffff03 B: 00000000 PC: 00000001 SP: 00100000 adc 1
A: ffffff04 B: 00000000 PC: 00000002 SP: 00100000 brlz -2
A: ffffff04 B: 00000000 PC: 00000001 SP: 00100000 adc 1
A: ffffff05 B: 00000000 PC: 00000002 SP: 00100000 brlz -2
A: ffffff05 B: 00000000 PC: 00000001 SP: 00100000 adc 1
A: ffffff06 B: 00000000 PC: 00000002 SP: 00100000 brlz -2
A: ffffff06 B: 00000000 PC: 00000001 SP: 00100000 adc 1
A: ffffff07 B: 00000000 PC: 00000002 SP: 00100000 brlz -2
A: ffffff07 B: 00000000 PC: 00000001 SP: 00100000 adc 1
A: ffffff08 B: 00000000 PC: 00000002 SP: 00100000 brlz -2
A: ffffff08 B: 00000000 PC: 00000001 SP: 00100000 adc 1
A: ffffff09 B: 00000000 PC: 00000002 SP: 00100000 brlz -2
A: ffffff09 B: 00000000 PC: 00000001 SP: 00100000 adc 1
A: ffffff0a B: 00000000 PC: 00000002 SP: 00100000 brlz -2
A: ffffff0a B: 00000000 PC: 00000001 SP: 00100000 adc 1
A: ffffff0b B: 00000000 PC: 00000002 SP: 00100000 brlz -2
A: ffffff0b B: 00000000 PC: 00000001 SP: 00100000 adc 1
A: ffffff0c B: 00000000 PC: 00000002 SP: 00100000 brlz -2
A: ffffff0c B: 00000000 PC: 00000001 SP: 00100000 adc 1
A: ffffff0d B: 00000000 PC: 00000002 SP: 00100000 brlz -2
A: ffffff0d B: 00000000 PC: 00000001 SP: 00100000 adc 1
A: ffffff0e B: 00000000 PC: 00000002 SP: 00100000 brlz -2
A: ffffff0e B: 00000000 PC: 00000001 SP: 00100000 adc 1
A: ffffff0f B: 00000000 PC: 00000002 SP: 00100000 brlz -2
A: ffffff0f B: 00000000 PC: 00000001 SP: 00100000 adc 1
A: ffffff10 B: 00000000 PC: 00000002 SP: 00100000 brlz -2
A: ffffff10 B: 00000000 PC: 00000001 SP: 00100000 adc 1
A: ffffff11 B: 00000000 PC: 00000002 SP: 00100000 brlz -2
A: ffffff11 B: 00000000 PC: 00000001 SP: 00100000 adc 1
A: ffffff12 B: 00000000 PC: 00000002 SP: 00100000 brlz -2
A: ffffff12 B: 00000000 PC: 00000001 SP: 00100000 adc 1
A: ffffff13 B: 00000000 PC: 00000002 SP: 00100000 brlz -2
A: ffffff13 B: 00000000 PC: 00000001 SP: 00100000 adc 1
A: ffffff14 B: 00000000 PC: 00000002 SP: 00100000 brlz -2
A: ffffff14 B: 00000000 PC: 00000001 SP: 00100000 adc 1
A: ffffff15 B: 00000000 PC: 00000002 SP: 00100000 brlz -2
A: ffffff15 B: 00000000 PC: 00000001 SP: 00100000 adc 1
A: ffffff16 B: 00000000 PC: 00000002 SP: 00100000 brlz -2
A: ffffff16 B: 00000000 PC: 00000001 SP: 00100000 adc 1
A: ffffff17 B: 00000000 PC: 00000002 SP: 00100000 brlz -2
A: ffffff17 B: 00000000 PC: 00000001 SP: 00100000 adc 1
A: ffffff18 B: 00000000 PC: 00000002 SP: 00100000 brlz -2
A: ffffff18 B: 00000000 PC: 00000001 SP: 00100000 adc 1
A: ffffff19 B: 00000000 PC: 00000002 SP: 00100000 brlz -2
A: ffffff19 B: 00000000 PC: 00000001 SP: 00100000 adc 1
A: ffffff1a B: 00000000 PC: 00000002 SP: 00100000 brlz -2
A: ffffff1a B: 00000000 PC: 00000001 SP: 00100000 adc 1
A: ffffff1b B: 00000000 PC: 00000002 SP: 00100000 brlz -2
A: ffffff1b B: 00000000 PC: 00000001 SP: 00100000 adc 1
A: ffffff1c B: 00000000 PC: 00000002 SP: 00100000 brlz -2
A: ffffff1c B: 00000000 PC: 00000001 SP: 00100000 adc 1
A: ffffff1d B: 00000000 PC: 00000002 SP: 00100000 brlz -2
A: ffffff1d B: 00000000 PC: 00000001 SP: 00100000 adc 1
A: ffffff1e B: 00000000 PC: 00000002 SP: 00100000 brlz -2
A: ffffff1e B: 00000000 PC: 00000001 SP: 00100000 adc 1
A: ffffff1f B: 00000000 PC: 00000002 SP: 00100000 brlz -2
A: ffffff1f B: 00000000 PC: 00000001 SP: 00100000 adc 1
A: ffffff20 B: 00000000 PC: 00000002 SP: 00100000 brlz -2
A: ffffff20 B: 00000000 PC: 00000001 SP: 00100000 adc 1
A: ffffff21 B: 00000000 PC: 00000002 SP: 00100000 brlz -2
A: ffffff21 B: 00000000 PC: 00000001 SP: 00100000 adc 1
A: ffffff22 B: 00000000 PC: 00000002 SP: 00100000 brlz -2
A: ffffff22 B: 00000000 PC: 00000001 SP: 00100000 adc 1
A: ffffff23 B: 00000000 PC: 00000002 SP: 00100000 brlz -2
A: ffffff23 B: 00000000 PC: 00000001 SP: 00100000 adc 1
A: ffffff24 B: 00000000 PC: 00000002 SP: 00100000 brlz -2
A: ffffff24 B: 00000000 PC: 00000001 SP: 00100000 adc 1
A: ffffff25 B: 00000000 PC: 00000002 SP: 00100000 brlz -2
A: ffffff25 B: 00000000 PC: 00000001 SP: 00100000 adc 1
A: ffffff26 B: 00000000 PC: 00000002 SP: 00100000 brlz -2
A: ffffff26 B: 00000000 PC: 00000001 SP: 00100000 adc 1
A: ffffff27 B: 00000000 PC: 00000002 SP: 00100000 brlz -2
A: ffffff27 B: 00000000 PC: 00000001 SP: 00100000 adc 1
A: ffffff28 B: 00000000 PC: 00000002 SP: 00100000 brlz -2
A: ffffff28 B: 00000000 PC: 00000001 SP: 00100000 adc 1
A: ffffff29 B: 00000000 PC: 00000002 SP: 00100000 brlz -2
A: ffffff29 B: 00000000 PC: 00000001 SP: 00100000 adc 1
A: ffffff2a B: 00000000 PC: 00000002 SP: 00100000 brlz -2
A: ffffff2a B: 00000000 PC: 00000001 SP: 00100000 adc 1
A: ffffff2b B: 00000000 PC: 00000002 SP: 00100000 brlz -2
A: ffffff2b B: 00000000 PC: 00000001 SP: 00100000 adc 1
A: ffffff2c B: 00000000 PC: 00000002 SP: 00100000 brlz -2
A: ffffff2c B: 00000000 PC: 00000001 SP: 00100000 adc 1
A: ffffff2d B: 00000000 PC: 00000002 SP: 00100000 brlz -2
A: ffffff2d B: 00000000 PC: 00000001 SP: 00100000 adc 1
A: ffffff2e B: 00000000 PC: 00000002 SP: 00100000 brlz -2
A: ffffff2e B: 00000000 PC: 00000001 SP: 00100000 adc 1
A: ffffff2f B: 00000000 PC: 00000002 SP: 00100000 brlz -2
A: ffffff2f B: 00000000 PC: 00000001 SP: 00100000 adc 1
A: ffffff30 B: 00000000 PC: 00000002 SP: 00100000 brlz -2
A: ffffff30 B: 00000000 PC: 00000001 SP: 00100000 adc 1
A: ffffff31 B: 00000000 PC: 00000002 SP: 00100000 brlz -2
A: ffffff31 B: 00000000 PC: 00000001 SP: 00100000 adc 1
A: ffffff32 B: 00000000 PC: 00000002 SP: 00100000 brlz -2
A: ffffff32 B: 00000000 PC: 00000001 SP: 00100000 adc 1
A: ffffff33 B: 00000000 PC: 00000002 SP: 00100000 brlz -2
A: ffffff33 B: 00000000 PC: 00000001 SP: 00100000 adc 1
A: ffffff34 B: 00000000 PC: 00000002 SP: 00100000 brlz -2
A: ffffff34 B: 00000000 PC: 00000001 SP: 00100000 adc 1
A: ffffff35 B: 00000000 PC: 00000002 SP: 00100000 brlz -2
A: ffffff35 B: 00000000 PC: 00000001 SP: 00100000 adc 1
A: ffffff36 B: 00000000 PC: 00000002 SP: 00100000 brlz -2
A: ffffff36 B: 00000000 PC: 00000001 SP: 00100000 adc 1
A: ffffff37 B: 00000000 PC: 00000002 SP: 00100000 brlz -2
A: ffffff37 B: 00000000 PC: 00000001 SP: 00100000 adc 1
A: ffffff38 B: 00000000 PC: 00000002 SP: 00100000 brlz -2
A: ffffff38 B: 00000000 PC: 00000001 SP: 00100000 adc 1
A: ffffff39 B: 00000000 PC: 00000002 SP: 00100000 brlz -2
A: ffffff39 B: 00000000 PC: 00000001 SP: 00100000 adc 1
A: ffffff3a B: 00000000 PC: 00000002 SP: 00100000 brlz -2
A: ffffff3a B: 00000000 PC: 00000001 SP: 00100000 adc 1
A: ffffff3b B: 00000000 PC: 00000002 SP: 00100000 brlz -2
A: ffffff3b B: 00000000 PC: 00000001 SP: 00100000 adc 1
A: ffffff3c B: 00000000 PC: 00000002 SP: 00100000 brlz -2
A: ffffff3c B: 00000000 PC: 00000001 SP: 00100000 adc 1
A: ffffff3d B: 00000000 PC: 00000002 SP: 00100000 brlz -2
A: ffffff3d B: 00000000 PC: 00000001 SP: 00100000 adc 1
A: ffffff3e B: 00000000 PC: 00000002 SP: 00100000 brlz -2
A: ffffff3e B: 00000000 PC: 00000001 SP: 00100000 adc 1
A: ffffff3f B: 00000000 PC: 00000002 SP: 00100000 brlz -2
A: ffffff3f B: 00000000 PC: 00000001 SP: 00100000 adc 1
A: ffffff40 B: 00000000 PC: 00000002 SP: 00100000 brlz -2
A: ffffff40 B: 00000000 PC: 00000001 SP: 00100000 adc 1
A: ffffff41 B: 00000000 PC: 00000002 SP: 00100000 brlz -2
A: ffffff41 B: 00000000 PC: 00000001 SP: 00100000 adc 1
A: ffffff42 B: 00000000 PC: 00000002 SP: 00100000 brlz -2
A: ffffff42 B: 00000000 PC: 00000001 SP: 00100000 adc 1
A: ffffff43 B: 00000000 PC: 00000002 SP: 00100000 brlz -2
A: ffffff43 B: 00000000 PC: 00000001 SP: 00100000 adc 1
A: ffffff44 B: 00000000 PC: 00000002 SP: 00100000 brlz -2
A: ffffff44 B: 00000000 PC: 00000001 SP: 00100000 adc 1
A: ffffff45 B: 00000000 PC: 00000002 SP: 00100000 brlz -2
A: ffffff45 B: 00000000 PC: 00000001 SP: 00100000 adc 1
A: ffffff46 B: 00000000 PC: 00000002 SP: 00100000 brlz -2
A: ffffff46 B: 00000000 PC: 00000001 SP: 00100000 adc 1
A: ffffff47 B: 00000000 PC: 00000002 SP: 00100000 brlz -2
A: ffffff47 B: 00000000 PC: 00000001 SP: 00100000 adc 1
A: ffffff48 B: 00000000 PC: 00000002 SP: 00100000 brlz -2
A: ffffff48 B: 00000000 PC: 00000001 SP: 00100000 adc 1
A: ffffff49 B: 00000000 PC: 00000002 SP: 00100000 brlz -2
A: ffffff49 B: 00000000 PC: 00000001 SP: 00100000 adc 1
A: ffffff4a B: 00000000 PC: 00000002 SP: 00100000 brlz -2
A: ffffff4a B: 00000000 PC: 00000001 SP: 00100000 adc 1
A: ffffff4b B: 00000000 PC: 00000002 SP: 00100000 brlz -2
A: ffffff4b B: 00000000 PC: 00000001 SP: 00100000 adc 1
A: ffffff4c B: 00000000 PC: 00000002 SP: 00100000 brlz -2
A: ffffff4c B: 00000000 PC: 00000001 SP: 00100000 adc 1
A: ffffff4d B: 00000000 PC: 00000002 SP: 00100000 brlz -2
A: ffffff4d B: 00000000 PC: 00000001 SP: 00100000 adc 1
A: ffffff4e B: 00000000 PC: 00000002 SP: 00100000 brlz -2
A: ffffff4e B: 00000000 PC: 00000001 SP: 00100000 adc 1
A: ffffff4f B: 00000000 PC: 00000002 SP: 00100000 brlz -2
A: ffffff4f B: 00000000 PC: 00000001 SP: 00100000 adc 1
A: ffffff50 B: 00000000 PC: 00000002 SP: 00100000 brlz -2
A: ffffff50 B: 00000000 PC: 00000001 SP: 00100000 adc 1
A: ffffff51 B: 00000000 PC: 00000002 SP: 00100000 brlz -2
A: ffffff51 B: 00000000 PC: 00000001 SP: 00100000 adc 1
A: ffffff52 B: 00000000 PC: 00000002 SP: 00100000 brlz -2
A: ffffff52 B: 00000000 PC: 00000001 SP: 00100000 adc 1
A: ffffff53 B: 00000000 PC: 00000002 SP: 00100000 brlz -2
A: ffffff53 B: 00000000 PC: 00000001 SP: 00100000 adc 1
A: ffffff54 B: 00000000 PC: 00000002 SP: 00100000 brlz -2
A: ffffff54 B: 00000000 PC: 00000001 SP: 00100000 adc 1
A: ffffff55 B: 00000000 PC: 00000002 SP: 00100000 brlz -2
A: ffffff55 B: 00000000 PC: 00000001 SP: 00100000 adc 1
A: ffffff56 B: 00000000 PC: 00000002 SP: 00100000 brlz -2
A: ffffff56 B: 00000000 PC: 00000001 SP: 00100000 adc 1
A: ffffff57 B: 00000000 PC: 00000002 SP: 00100000 brlz -2
A: ffffff57 B: 00000000 PC: 00000001 SP: 00100000 adc 1
A: ffffff58 B: 00000000 PC: 00000002 SP: 00100000 brlz -2
A: ffffff58 B: 00000000 PC: 00000001 SP: 00100000 adc 1
A: ffffff59 B: 00000000 PC: 00000002 SP: 00100000 brlz -2
A: ffffff59 B: 00000000 PC: 00000001 SP: 00100000 adc 1
A: ffffff5a B: 00000000 PC: 00000002 SP: 00100000 brlz -2
A: ffffff5a B: 00000000 PC: 00000001 SP: 00100000 adc 1
A: ffffff5b B: 00000000 PC: 00000002 SP: 00100000 brlz -2
A: ffffff5b B: 00000000 PC: 00000001 SP: 00100000 adc 1
A: ffffff5c B: 00000000 PC: 00000002 SP: 00100000 brlz -2
A: ffffff5c B: 00000000 PC: 00000001 SP: 00100000 adc 1
A: ffffff5d B: 00000000 PC: 00000002 SP: 00100000 brlz -2
A: ffffff5d B: 00000000 PC: 00000001 SP: 00100000 adc 1
A: ffffff5e B: 00000000 PC: 00000002 SP: 00100000 brlz -2
A: ffffff5e B: 00000000 PC: 00000001 SP: 00100000 adc 1
A: ffffff5f B: 00000000 PC: 00000002 SP: 00100000 brlz -2
A: ffffff5f B: 00000000 PC: 00000001 SP: 00100000 adc 1
A: ffffff60 B: 00000000 PC: 00000002 SP: 00100000 brlz -2
A: ffffff60 B: 00000000 PC: 00000001 SP: 00100000 adc 1
A: ffffff61 B: 00000000 PC: 00000002 SP: 00100000 brlz -2
A: ffffff61 B: 00000000 PC: 00000001 SP: 00100000 adc 1
A: ffffff62 B: 00000000 PC: 00000002 SP: 00100000 brlz -2
A: ffffff62 B: 00000000 PC: 00000001 SP: 00100000 adc 1
A: ffffff63 B: 00000000 PC: 00000002 SP: 00100000 brlz -2
A: ffffff63 B: 00000000 PC: 00000001 SP: 00100000 adc 1
A: ffffff64 B: 00000000 PC: 00000002 SP: 00100000 brlz -2
A: ffffff64 B: 00000000 PC: 00000001 SP: 00100000 adc 1
A: ffffff65 B: 00000000 PC: 00000002 SP: 00100000 brlz -2
A: ffffff65 B: 00000000 PC: 00000001 SP: 00100000 adc 1
A: ffffff66 B: 00000000 PC: 00000002 SP: 00100000 brlz -2
A: ffffff66 B: 00000000 PC: 00000001 SP: 00100000 adc 1
A: ffffff67 B: 00000000 PC: 00000002 SP: 00100000 brlz -2
A: ffffff67 B: 00000000 PC: 00000001 SP: 00100000 adc 1
A: ffffff68 B: 00000000 PC: 00000002 SP: 00100000 brlz -2
A: ffffff68 B: 00000000 PC: 00000001 SP: 00100000 adc 1
A: ffffff69 B: 00000000 PC: 00000002 SP: 00100000 brlz -2
A: ffffff69 B: 00000000 PC: 00000001 SP: 00100000 adc 1
A: ffffff6a B: 00000000 PC: 00000002 SP: 00100000 brlz -2
A: ffffff6a B: 00000000 PC: 00000001 SP: 00100000 adc 1
A: ffffff6b B: 00000000 PC: 00000002 SP: 00100000 brlz -2
A: ffffff6b B: 00000000 PC: 00000001 SP: 00100000 adc 1
A: ffffff6c B: 00000000 PC: 00000002 SP: 00100000 brlz -2
A: ffffff6c B: 00000000 PC: 00000001 SP: 00100000 adc 1
A: ffffff6d B: 00000000 PC: 00000002 SP: 00100000 brlz -2
A: ffffff6d B: 00000000 PC: 00000001 SP: 00100000 adc 1
A: ffffff6e B: 00000000 PC: 00000002 SP: 00100000 brlz -2
A: ffffff6e B: 00000000 PC: 00000001 SP: 00100000 adc 1
A: ffffff6f B: 00000000 PC: 00000002 SP: 00100000 brlz -2
A: ffffff6f B: 00000000 PC: 00000001 SP: 00100000 adc 1
A: ffffff70 B: 00000000 PC: 00000002 SP: 00100000 brlz -2
A: ffffff70 B: 00000000 PC: 00000001 SP: 00100000 adc 1
A: ffffff71 B: 00000000 PC: 00000002 SP: 00100000 brlz -2
A: ffffff71 B: 00000000 PC: 00000001 SP: 00100000 adc 1
A: ffffff72 B: 00000000 PC: 00000002 SP: 00100000 brlz -2
A: ffffff72 B: 00000000 PC: 00000001 SP: 00100000 adc 1
A: ffffff73 B: 00000000 PC: 00000002 SP: 00100000 brlz -2
A: ffffff73 B: 00000000 PC: 00000001 SP: 00100000 adc 1
A: ffffff74 B: 00000000 PC: 00000002 SP: 00100000 brlz -2
A: ffffff74 B: 00000000 PC: 00000001 SP: 00100000 adc 1
A: ffffff75 B: 00000000 PC: 00000002 SP: 00100000 brlz -2
A: ffffff75 B: 00000000 PC: 00000001 SP: 00100000 adc 1
A: ffffff76 B: 00000000 PC: 00000002 SP: 00100000 brlz -2
A: ffffff76 B: 00000000 PC: 00000001 SP: 00100000 adc 1
A: ffffff77 B: 00000000 PC: 00000002 SP: 00100000 brlz -2
A: ffffff77 B: 00000000 PC: 00000001 SP: 00100000 adc 1
A: ffffff78 B: 00000000 PC: 00000002 SP: 00100000 brlz -2
A: ffffff78 B: 00000000 PC: 00000001 SP: 00100000 adc 1
A: ffffff79 B: 00000000 PC: 00000002 SP: 00100000 brlz -2
A: ffffff79 B: 00000000 PC: 00000001 SP: 00100000 adc 1
A: ffffff7a B: 00000000 PC: 00000002 SP: 00100000 brlz -2
A: ffffff7a B: 00000000 PC: 00000001 SP: 00100000 adc 1
A: ffffff7b B: 00000000 PC: 00000002 SP: 00100000 brlz -2
A: ffffff7b B: 00000000 PC: 00000001 SP: 00100000 adc 1
A: ffffff7c B: 00000000 PC: 00000002 SP: 00100000 brlz -2
A: ffffff7c B: 00000000 PC: 00000001 SP: 00100000 adc 1
A: ffffff7d B: 00000000 PC: 00000002 SP: 00100000 brlz -2
A: ffffff7d B: 00000000 PC: 00000001 SP: 00100000 adc 1
A: ffffff7e B: 00000000 PC: 00000002 SP: 00100000 brlz -2
A: ffffff7e B: 00000000 PC: 00000001 SP: 00100000 adc 1
A: ffffff7f B: 00000000 PC: 00000002 SP: 00100000 brlz -2
A: ffffff7f B: 00000000 PC: 00000001 SP: 00100000 adc 1
A: ffffff80 B: 00000000 PC: 00000002 SP: 00100000 brlz -2
A: ffffff80 B: 00000000 PC: 00000001 SP: 00100000 adc 1
A: ffffff81 B: 00000000 PC: 00000002 SP: 00100000 brlz -2
A: ffffff81 B: 00000000 PC: 00000001 SP: 00100000 adc 1
A: ffffff82 B: 00000000 PC: 00000002 SP: 00100000 brlz -2
A: ffffff82 B: 00000000 PC: 00000001 SP: 00100000 adc 1
A: ffffff83 B: 00000000 PC: 00000002 SP: 00100000 brlz -2
A: ffffff83 B: 00000000 PC: 00000001 SP: 00100000 adc 1
A: ffffff84 B: 00000000 PC: 00000002 SP: 00100000 brlz -2
A: ffffff84 B: 00000000 PC: 00000001 SP: 00100000 adc 1
A: ffffff85 B: 00000000 PC: 00000002 SP: 00100000 brlz -2
A: ffffff85 B: 00000000 PC: 00000001 SP: 00100000 adc 1
A: ffffff86 B: 00000000 PC: 00000002 SP: 00100000 brlz -2
A: ffffff86 B: 00000000 PC: 00000001 SP: 00100000 adc 1
A: ffffff87 B: 00000000 PC: 00000002 SP: 00100000 brlz -2
A: ffffff87 B: 00000000 PC: 00000001 SP: 00100000 adc 1
A: ffffff88 B: 00000000 PC: 00000002 SP: 00100000 brlz -2
A: ffffff88 B: 00000000 PC: 00000001 SP: 00100000 adc 1
A: ffffff89 B: 00000000 PC: 00000002 SP: 00100000 brlz -2
A: ffffff89 B: 00000000 PC: 00000001 SP: 00100000 adc 1
A: ffffff8a B: 00000000 PC: 00000002 SP: 00100000 brlz -2
A: ffffff8a B: 00000000 PC: 00000001 SP: 00100000 adc 1
A: ffffff8b B: 00000000 PC: 00000002 SP: 00100000 brlz -2
A: ffffff8b B: 00000000 PC: 00000001 SP: 00100000 adc 1
A: ffffff8c B: 00000000 PC: 00000002 SP: 00100000 brlz -2
A: ffffff8c B: 00000000 PC: 00000001 SP: 00100000 adc 1
A: ffffff8d B: 00000000 PC: 00000002 SP: 00100000 brlz -2
A: ffffff8d B: 00000000 PC: 00000001 SP: 00100000 adc 1
A: ffffff8e B: 00000000 PC: 00000002 SP: 00100000 brlz -2
A: ffffff8e B: 00000000 PC: 00000001 SP: 00100000 adc 1
A: ffffff8f B: 00000000 PC: 00000002 SP: 00100000 brlz -2
A: ffffff8f B: 00000000 PC: 00000001 SP: 00100000 adc 1
A: ffffff90 B: 00000000 PC: 00000002 SP: 00100000 brlz -2
A: ffffff90 B: 00000000 PC: 00000001 SP: 00100000 adc 1
A: ffffff91 B: 00000000 PC: 00000002 SP: 00100000 brlz -2
A: ffffff91 B: 00000000 PC: 00000001 SP: 00100000 adc 1
A: ffffff92 B: 00000000 PC: 00000002 SP: 00100000 brlz -2
A: ffffff92 B: 00000000 PC: 00000001 SP: 00100000 adc 1
A: ffffff93 B: 00000000 PC: 00000002 SP: 00100000 brlz -2
A: ffffff93 B: 00000000 PC: 00000001 SP: 00100000 adc 1
A: ffffff94 B: 00000000 PC: 00000002 SP: 00100000 brlz -2
A: ffffff94 B: 00000000 PC: 00000001 SP: 00100000 adc 1
A: ffffff95 B: 00000000 PC: 00000002 SP: 00100000 brlz -2
A: ffffff95 B: 00000000 PC: 00000001 SP: 00100000 adc 1
A: ffffff96 B: 00000000 PC: 00000002 SP: 00100000 brlz -2
A: ffffff96 B: 00000000 PC: 00000001 SP: 00100000 adc 1
A: ffffff97 B: 00000000 PC: 00000002 SP: 00100000 brlz -2
A: ffffff97 B: 00000000 PC: 00000001 SP: 00100000 adc 1
A: ffffff98 B: 00000000 PC: 00000002 SP: 00100000 brlz -2
A: ffffff98 B: 00000000 PC: 00000001 SP: 00100000 adc 1
A: ffffff99 B: 00000000 PC: 00000002 SP: 00100000 brlz -2
A: ffffff99 B: 00000000 PC: 00000001 SP: 00100000 adc 1
A: ffffff9a B: 00000000 PC: 00000002 SP: 00100000 brlz -2
A: ffffff9a B: 00000000 PC: 00000001 SP: 00100000 adc 1
A: ffffff9b B: 00000000 PC: 00000002 SP: 00100000 brlz -2
A: ffffff9b B: 00000000 PC: 00000001 SP: 00100000 adc 1
A: ffffff9c B: 00000000 PC: 00000002 SP: 00100000 brlz -2
A: ffffff9c B: 00000000 PC: 00000001 SP: 00100000 adc 1
A: ffffff9d B: 00000000 PC: 00000002 SP: 00100000 brlz -2
A: ffffff9d B: 00000000 PC: 00000001 SP: 00100000 adc 1
A: ffffff9e B: 00000000 PC: 00000002 SP: 00100000 brlz -2
A: ffffff9e B: 00000000 PC: 00000001 SP: 00100000 adc 1
A: ffffff9f B: 00000000 PC: 00000002 SP: 00100000 brlz -2
A: ffffff9f B: 00000000 PC: 00000001 SP: 00100000 adc 1
A: ffffffa0 B: 00000000 PC: 00000002 SP: 00100000 brlz -2
A: ffffffa0 B: 00000000 PC: 00000001 SP: 00100000 adc 1
A: ffffffa1 B: 00000000 PC: 00000002 SP: 00100000 brlz -2
A: ffffffa1 B: 00000000 PC: 00000001 SP: 00100000 adc 1
A: ffffffa2 B: 00000000 PC: 00000002 SP: 00100000 brlz -2
A: ffffffa2 B: 00000000 PC: 00000001 SP: 00100000 adc 1
A: ffffffa3 B: 00000000 PC: 00000002 SP: 00100000 brlz -2
A: ffffffa3 B: 00000000 PC: 00000001 SP: 00100000 adc 1
A: ffffffa4 B: 00000000 PC: 00000002 SP: 00100000 brlz -2
A: ffffffa4 B: 00000000 PC: 00000001 SP: 00100000 adc 1
A: ffffffa5 B: 00000000 PC: 00000002 SP: 00100000 brlz -2
A: ffffffa5 B: 00000000 PC: 00000001 SP: 00100000 adc 1
A: ffffffa6 B: 00000000 PC: 00000002 SP: 00100000 brlz -2
A: ffffffa6 B: 00000000 PC: 00000001 SP: 00100000 adc 1
A: ffffffa7 B: 00000000 PC: 00000002 SP: 00100000 brlz -2
A: ffffffa7 B: 00000000 PC: 00000001 SP: 00100000 adc 1
A: ffffffa8 B: 00000000 PC: 00000002 SP: 00100000 brlz -2
A: ffffffa8 B: 00000000 PC: 00000001 SP: 00100000 adc 1
A: ffffffa9 B: 00000000 PC: 00000002 SP: 00100000 brlz -2
A: ffffffa9 B: 00000000 PC: 00000001 SP: 00100000 adc 1
A: ffffffaa B: 00000000 PC: 00000002 SP: 00100000 brlz -2
A: ffffffaa B: 00000000 PC: 00000001 SP: 00100000 adc 1
A: ffffffab B: 00000000 PC: 00000002 SP: 00100000 brlz -2
A: ffffffab B: 00000000 PC: 00000001 SP: 00100000 adc 1
A: ffffffac B: 00000000 PC: 00000002 SP: 00100000 brlz -2
A: ffffffac B: 00000000 PC: 00000001 SP: 00100000 adc 1
A: ffffffad B: 00000000 PC: 00000002 SP: 00100000 brlz -2
A: ffffffad B: 00000000 PC: 00000001 SP: 00100000 adc 1
A: ffffffae B: 00000000 PC: 00000002 SP: 00100000 brlz -2
A: ffffffae B: 00000000 PC: 00000001 SP: 00100000 adc 1
A: ffffffaf B: 00000000 PC: 00000002 SP: 00100000 brlz -2
A: ffffffaf B: 00000000 PC: 00000001 SP: 00100000 adc 1
A: ffffffb0 B: 00000000 PC: 00000002 SP: 00100000 brlz -2
A: ffffffb0 B: 00000000 PC: 00000001 SP: 00100000 adc 1
A: ffffffb1 B: 00000000 PC: 00000002 SP: 00100000 brlz -2
A: ffffffb1 B: 00000000 PC: 00000001 SP: 00100000 adc 1
A: ffffffb2 B: 00000000 PC: 00000002 SP: 00100000 brlz -2
A: ffffffb2 B: 00000000 PC: 00000001 SP: 00100000 adc 1
A: ffffffb3 B: 00000000 PC: 00000002 SP: 00100000 brlz -2
A: ffffffb3 B: 00000000 PC: 00000001 SP: 00100000 adc 1
A: ffffffb4 B: 00000000 PC: 00000002 SP: 00100000 brlz -2
A: ffffffb4 B: 00000000 PC: 00000001 SP: 00100000 adc 1
A: ffffffb5 B: 00000000 PC: 00000002 SP: 00100000 brlz -2
A: ffffffb5 B: 00000000 PC: 00000001 SP: 00100000 adc 1
A: ffffffb6 B: 00000000 PC: 00000002 SP: 00100000 brlz -2
A: ffffffb6 B: 00000000 PC: 00000001 SP: 00100000 adc 1
A: ffffffb7 B: 00000000 PC: 00000002 SP: 00100000 brlz -2
A: ffffffb7 B: 00000000 PC: 00000001 SP: 00100000 adc 1
A: ffffffb8 B: 00000000 PC: 00000002 SP: 00100000 brlz -2
A: ffffffb8 B: 00000000 PC: 00000001 SP: 00100000 adc 1
A: ffffffb9 B: 00000000 PC: 00000002 SP: 00100000 brlz -2
A: ffffffb9 B: 00000000 PC: 00000001 SP: 00100000 adc 1
A: ffffffba B: 00000000 PC: 00000002 SP: 00100000 brlz -2
A: ffffffba B: 00000000 PC: 00000001 SP: 00100000 adc 1
A: ffffffbb B: 00000000 PC: 00000002 SP: 00100000 brlz -2
A: ffffffbb B: 00000000 PC: 00000001 SP: 00100000 adc 1
A: ffffffbc B: 00000000 PC: 00000002 SP: 00100000 brlz -2
A: ffffffbc B: 00000000 PC: 00000001 SP: 00100000 adc 1
A: ffffffbd B: 00000000 PC: 00000002 SP: 00100000 brlz -2
A: ffffffbd B: 00000000 PC: 00000001 SP: 00100000 adc 1
A: ffffffbe B: 00000000 PC: 00000002 SP: 00100000 brlz -2
A: ffffffbe B: 00000000 PC: 00000001 SP: 00100000 adc 1
A: ffffffbf B: 00000000 PC: 00000002 SP: 00100000 brlz -2
A: ffffffbf B: 00000000 PC: 00000001 SP: 00100000 adc 1
A: ffffffc0 B: 00000000 PC: 00000002 SP: 00100000 brlz -2
A: ffffffc0 B: 00000000 PC: 00000001 SP: 00100000 adc 1
A: ffffffc1 B: 00000000 PC: 00000002 SP: 00100000 brlz -2
A: ffffffc1 B: 00000000 PC: 00000001 SP: 00100000 adc 1
A: ffffffc2 B: 00000000 PC: 00000002 SP: 00100000 brlz -2
A: ffffffc2 B: 00000000 PC: 00000001 SP: 00100000 adc 1
A: ffffffc3 B: 00000000 PC: 00000002 SP: 00100000 brlz -2
A: ffffffc3 B: 00000000 PC: 00000001 SP: 00100000 adc 1
A: ffffffc4 B: 00000000 PC: 00000002 SP: 00100000 brlz -2
A: ffffffc4 B: 00000000 PC: 00000001 SP: 00100000 adc 1
A: ffffffc5 B: 00000000 PC: 00000002 SP: 00100000 brlz -2
A: ffffffc5 B: 00000000 PC: 00000001 SP: 00100000 adc 1
A: ffffffc6 B: 00000000 PC: 00000002 SP: 00100000 brlz -2
A: ffffffc6 B: 00000000 PC: 00000001 SP: 00100000 adc 1
A: ffffffc7 B: 00000000 PC: 00000002 SP: 00100000 brlz -2
A: ffffffc7 B: 00000000 PC: 00000001 SP: 00100000 adc 1
A: ffffffc8 B: 00000000 PC: 00000002 SP: 00100000 brlz -2
A: ffffffc8 B: 00000000 PC: 00000001 SP: 00100000 adc 1
A: ffffffc9 B: 00000000 PC: 00000002 SP: 00100000 brlz -2
A: ffffffc9 B: 00000000 PC: 00000001 SP: 00100000 adc 1
A: ffffffca B: 00000000 PC: 00000002 SP: 00100000 brlz -2
A: ffffffca B: 00000000 PC: 00000001 SP: 00100000 adc 1
A: ffffffcb B: 00000000 PC: 00000002 SP: 00100000 brlz -2
A: ffffffcb B: 00000000 PC: 00000001 SP: 00100000 adc 1
A: ffffffcc B: 00000000 PC: 00000002 SP: 00100000 brlz -2
A: ffffffcc B: 00000000 PC: 00000001 SP: 00100000 adc 1
A: ffffffcd B: 00000000 PC: 00000002 SP: 00100000 brlz -2
A: ffffffcd B: 00000000 PC: 00000001 SP: 00100000 adc 1
A: ffffffce B: 00000000 PC: 00000002 SP: 00100000 brlz -2
A: ffffffce B: 00000000 PC: 00000001 SP: 00100000 adc 1
A: ffffffcf B: 00000000 PC: 00000002 SP: 00100000 brlz -2
A: ffffffcf B: 00000000 PC: 00000001 SP: 00100000 adc 1
A: ffffffd0 B: 00000000 PC: 00000002 SP: 00100000 brlz -2
A: ffffffd0 B: 00000000 PC: 00000001 SP: 00100000 adc 1
A: ffffffd1 B: 00000000 PC: 00000002 SP: 00100000 brlz -2
A: ffffffd1 B: 00000000 PC: 00000001 SP: 00100000 adc 1
A: ffffffd2 B: 00000000 PC: 00000002 SP: 00100000 brlz -2
A: ffffffd2 B: 00000000 PC: 00000001 SP: 00100000 adc 1
A: ffffffd3 B: 00000000 PC: 00000002 SP: 00100000 brlz -2
A: ffffffd3 B: 00000000 PC: 00000001 SP: 00100000 adc 1
A: ffffffd4 B: 00000000 PC: 00000002 SP: 00100000 brlz -2
A: ffffffd4 B: 00000000 PC: 00000001 SP: 00100000 adc 1
A: ffffffd5 B: 00000000 PC: 00000002 SP: 00100000 brlz -2
A: ffffffd5 B: 00000000 PC: 00000001 SP: 00100000 adc 1
A: ffffffd6 B: 00000000 PC: 00000002 SP: 00100000 brlz -2
A: ffffffd6 B: 00000000 PC: 00000001 SP: 00100000 adc 1
A: ffffffd7 B: 00000000 PC: 00000002 SP: 00100000 brlz -2
A: ffffffd7 B: 00000000 PC: 00000001 SP: 00100000 adc 1
A: ffffffd8 B: 00000000 PC: 00000002 SP: 00100000 brlz -2
A: ffffffd8 B: 00000000 PC: 00000001 SP: 00100000 adc 1
A: ffffffd9 B: 00000000 PC: 00000002 SP: 00100000 brlz -2
A: ffffffd9 B: 00000000 PC: 00000001 SP: 00100000 adc 1
A: ffffffda B: 00000000 PC: 00000002 SP: 00100000 brlz -2
A: ffffffda B: 00000000 PC: 00000001 SP: 00100000 adc 1
A: ffffffdb B: 00000000 PC: 00000002 SP: 00100000 brlz -2
A: ffffffdb B: 00000000 PC: 00000001 SP: 00100000 adc 1
A: ffffffdc B: 00000000 PC: 00000002 SP: 00100000 brlz -2
A: ffffffdc B: 00000000 PC: 00000001 SP: 00100000 adc 1
A: ffffffdd B: 00000000 PC: 00000002 SP: 00100000 brlz -2
A: ffffffdd B: 00000000 PC: 00000001 SP: 00100000 adc 1
A: ffffffde B: 00000000 PC: 00000002 SP: 00100000 brlz -2
A: ffffffde B: 00000000 PC: 00000001 SP: 00100000 adc 1
A: ffffffdf B: 00000000 PC: 00000002 SP: 00100000 brlz -2
A: ffffffdf B: 00000000 PC: 00000001 SP: 00100000 adc 1
A: ffffffe0 B: 00000000 PC: 00000002 SP: 00100000 brlz -2
A: ffffffe0 B: 00000000 PC: 00000001 SP: 00100000 adc 1
A: ffffffe1 B: 00000000 PC: 00000002 SP: 00100000 brlz -2
A: ffffffe1 B: 00000000 PC: 00000001 SP: 00100000 adc 1
A: ffffffe2 B: 00000000 PC: 00000002 SP: 00100000 brlz -2
A: ffffffe2 B: 00000000 PC: 00000001 SP: 00100000 adc 1
A: ffffffe3 B: 00000000 PC: 00000002 SP: 00100000 brlz -2
A: ffffffe3 B: 00000000 PC: 00000001 SP: 00100000 adc 1
A: ffffffe4 B: 00000000 PC: 00000002 SP: 00100000 brlz -2
A: ffffffe4 B: 00000000 PC: 00000001 SP: 00100000 adc 1
A: ffffffe5 B: 00000000 PC: 00000002 SP: 00100000 brlz -2
A: ffffffe5 B: 00000000 PC: 00000001 SP: 00100000 adc 1
A: ffffffe6 B: 00000000 PC: 00000002 SP: 00100000 brlz -2
A: ffffffe6 B: 00000000 PC: 00000001 SP: 00100000 adc 1
A: ffffffe7 B: 00000000 PC: 00000002 SP: 00100000 brlz -2
A: ffffffe7 B: 00000000 PC: 00000001 SP: 00100000 adc 1
A: ffffffe8 B: 00000000 PC: 00000002 SP: 00100000 brlz -2
A: ffffffe8 B: 00000000 PC: 00000001 SP: 00100000 adc 1
A: ffffffe9 B: 00000000 PC: 00000002 SP: 00100000 brlz -2
A: ffffffe9 B: 00000000 PC: 00000001 SP: 00100000 adc 1
A: ffffffea B: 00000000 PC: 00000002 SP: 00100000 brlz -2
A: ffffffea B: 00000000 PC: 00000001 SP: 00100000 adc 1
A: ffffffeb B: 00000000 PC: 00000002 SP: 00100000 brlz -2
A: ffffffeb B: 00000000 PC: 00000001 SP: 00100000 adc 1
A: ffffffec B: 00000000 PC: 00000002 SP: 00100000 brlz -2
A: ffffffec B: 00000000 PC: 00000001 SP: 00100000 adc 1
A: ffffffed B: 00000000 PC: 00000002 SP: 00100000 brlz -2
A: ffffffed B: 00000000 PC: 00000001 SP: 00100000 adc 1
A: ffffffee B: 00000000 PC: 00000002 SP: 00100000 brlz -2
A: ffffffee B: 00000000 PC: 00000001 SP: 00100000 adc 1
A: ffffffef B: 00000000 PC: 00000002 SP: 00100000 brlz -2
A: ffffffef B: 00000000 PC: 00000001 SP: 00100000 adc 1
A: fffffff0 B: 00000000 PC: 00000002 SP: 00100000 brlz -2
A: fffffff0 B: 00000000 PC: 00000001 SP: 00100000 adc 1
A: fffffff1 B: 00000000 PC: 00000002 SP: 00100000 brlz -2
A: fffffff1 B: 00000000 PC: 00000001 SP: 00100000 adc 1
A: fffffff2 B: 00000000 PC: 00000002 SP: 00100000 brlz -2
A: fffffff2 B: 00000000 PC: 00000001 SP: 00100000 adc 1
A: fffffff3 B: 00000000 PC: 00000002 SP: 00100000 brlz -2
A: fffffff3 B: 00000000 PC: 00000001 SP: 00100000 adc 1
A: fffffff4 B: 00000000 PC: 00000002 SP: 00100000 brlz -2
A: fffffff4 B: 00000000 PC: 00000001 SP: 00100000 adc 1
A: fffffff5 B: 00000000 PC: 00000002 SP: 00100000 brlz -2
A: fffffff5 B: 00000000 PC: 00000001 SP: 00100000 adc 1
A: fffffff6 B: 00000000 PC: 00000002 SP: 00100000 brlz -2
A: fffffff6 B: 00000000 PC: 00000001 SP: 00100000 adc 1
A: fffffff7 B: 00000000 PC: 00000002 SP: 00100000 brlz -2
A: fffffff7 B: 00000000 PC: 00000001 SP: 00100000 adc 1
A: fffffff8 B: 00000000 PC: 00000002 SP: 00100000 brlz -2
A: fffffff8 B: 00000000 PC: 00000001 SP: 00100000 adc 1
A: fffffff9 B: 00000000 PC: 00000002 SP: 00100000 brlz -2
A: fffffff9 B: 00000000 PC: 00000001 SP: 00100000 adc 1
A: fffffffa B: 00000000 PC: 00000002 SP: 00100000 brlz -2
A: fffffffa B: 00000000 PC: 00000001 SP: 00100000 adc 1
A: fffffffb B: 00000000 PC: 00000002 SP: 00100000 brlz -2
A: fffffffb B: 00000000 PC: 00000001 SP: 00100000 adc 1
A: fffffffc B: 00000000 PC: 00000002 SP: 00100000 brlz -2
A: fffffffc B: 00000000 PC: 00000001 SP: 00100000 adc 1
A: fffffffd B: 00000000 PC: 00000002 SP: 00100000 brlz -2
A: fffffffd B: 00000000 PC: 00000001 SP: 00100000 adc 1
A: fffffffe B: 00000000 PC: 00000002 SP: 00100000 brlz -2
A: fffffffe B: 00000000 PC: 00000001 SP: 00100000 adc 1
A: ffffffff B: 00000000 PC: 00000002 SP: 00100000 brlz -2
A: ffffffff B: 00000000 PC: 00000001 SP: 00100000 adc 1
A: 00000000 B: 00000000 PC: 00000002 SP: 00100000 brlz -2
A: 00000000 B: 00000000 PC: 00000003 SP: 00100000 HALT
